[INFO] Scanning for projects...
[INFO] ------------------------------------------------------------------------
[INFO] Reactor Build Order:
[INFO] 
[INFO] Lunch-Roulette by Sarah & Markus
[INFO] Lunch-Roulette frontend by Sarah
[INFO] lunchroulette-backend
[INFO] 
[INFO] ------------------------------------------------------------------------
[INFO] Building Lunch-Roulette by Sarah & Markus 1.0-SNAPSHOT
[INFO] ------------------------------------------------------------------------
[INFO] 
[INFO] --- maven-clean-plugin:2.5:clean (default-clean) @ lunchroulette ---
[INFO] 
[INFO] --- maven-install-plugin:2.4:install (default-install) @ lunchroulette ---
[INFO] Installing /Users/mdahm/projects/Kotlin/lunch-roulette/pom.xml to /Data/maven/repository/de/akquinet/ccsp/lunch/lunchroulette/1.0-SNAPSHOT/lunchroulette-1.0-SNAPSHOT.pom
[INFO] 
[INFO] ------------------------------------------------------------------------
[INFO] Building Lunch-Roulette frontend by Sarah 1.0-SNAPSHOT
[INFO] ------------------------------------------------------------------------
[INFO] 
[INFO] --- maven-clean-plugin:2.5:clean (default-clean) @ lunchroulette-frontend ---
[INFO] Deleting /Users/mdahm/projects/Kotlin/lunch-roulette/frontend/target
[INFO] 
[INFO] --- maven-assembly-plugin:2.2-beta-5:single (package webapp) @ lunchroulette-frontend ---
[INFO] Reading assembly descriptor: assembly.xml
[INFO] Building zip: /Users/mdahm/projects/Kotlin/lunch-roulette/frontend/target/lunchroulette-frontend-1.0-SNAPSHOT-webapp.zip
[INFO] 
[INFO] --- maven-install-plugin:2.4:install (default-install) @ lunchroulette-frontend ---
[INFO] Installing /Users/mdahm/projects/Kotlin/lunch-roulette/frontend/pom.xml to /Data/maven/repository/de/akquinet/ccsp/lunch/lunchroulette-frontend/1.0-SNAPSHOT/lunchroulette-frontend-1.0-SNAPSHOT.pom
[INFO] Installing /Users/mdahm/projects/Kotlin/lunch-roulette/frontend/target/lunchroulette-frontend-1.0-SNAPSHOT-webapp.zip to /Data/maven/repository/de/akquinet/ccsp/lunch/lunchroulette-frontend/1.0-SNAPSHOT/lunchroulette-frontend-1.0-SNAPSHOT-webapp.zip
[INFO] 
[INFO] ------------------------------------------------------------------------
[INFO] Building lunchroulette-backend 1.0-SNAPSHOT
[INFO] ------------------------------------------------------------------------
[INFO] 
[INFO] --- maven-clean-plugin:3.0.0:clean (default-clean) @ lunchroulette-backend ---
[INFO] 
[INFO] --- maven-resources-plugin:3.1.0:resources (default-resources) @ lunchroulette-backend ---
[INFO] Using 'UTF-8' encoding to copy filtered resources.
[INFO] Copying 1 resource
[INFO] Copying 0 resource
[INFO] 
[INFO] --- maven-compiler-plugin:3.7.0:compile (default-compile) @ lunchroulette-backend ---
[INFO] Nothing to compile - all classes are up to date
[INFO] 
[INFO] --- kotlin-maven-plugin:1.2.60:compile (compile) @ lunchroulette-backend ---
[INFO] Applied plugin: 'spring'
[INFO] Applied plugin: 'jpa'
[WARNING] /Users/mdahm/projects/Kotlin/lunch-roulette/backend/src/main/kotlin/de/akquinet/ccsp/lunch/data/AbstractEntity.kt: (18, 31) The corresponding parameter in the supertype 'Any' is named 'other'. This may cause problems when calling this function with named arguments.
[WARNING] /Users/mdahm/projects/Kotlin/lunch-roulette/backend/src/main/kotlin/de/akquinet/ccsp/lunch/websocket/MessagingServerEndpoint.kt: (42, 17) Parameter 'session' is never used
[INFO] 
[INFO] --- maven-resources-plugin:3.1.0:testResources (default-testResources) @ lunchroulette-backend ---
[INFO] Using 'UTF-8' encoding to copy filtered resources.
[INFO] Copying 2 resources
[INFO] 
[INFO] --- maven-compiler-plugin:3.7.0:testCompile (default-testCompile) @ lunchroulette-backend ---
[INFO] Nothing to compile - all classes are up to date
[INFO] 
[INFO] --- kotlin-maven-plugin:1.2.60:test-compile (test-compile) @ lunchroulette-backend ---
[WARNING] Source root doesn't exist: /Users/mdahm/projects/Kotlin/lunch-roulette/backend/target/generated-test-sources/test-annotations
[INFO] Applied plugin: 'spring'
[INFO] Applied plugin: 'jpa'
[WARNING] /Users/mdahm/projects/Kotlin/lunch-roulette/backend/src/test/kotlin/de/akquinet/ccsp/lunch/CommunityControllerTest.kt: (25, 13) Variable 'community' is never used
[WARNING] /Users/mdahm/projects/Kotlin/lunch-roulette/backend/src/test/kotlin/de/akquinet/ccsp/lunch/LocationControllerTest.kt: (24, 25) Unsafe use of a nullable receiver of type Any?
[WARNING] /Users/mdahm/projects/Kotlin/lunch-roulette/backend/src/test/kotlin/de/akquinet/ccsp/lunch/LocationControllerTest.kt: (37, 25) Unsafe use of a nullable receiver of type Any?
[WARNING] /Users/mdahm/projects/Kotlin/lunch-roulette/backend/src/test/kotlin/de/akquinet/ccsp/lunch/LocationRepositoryTest.kt: (31, 46) Unsafe use of a nullable receiver of type Location?
[WARNING] /Users/mdahm/projects/Kotlin/lunch-roulette/backend/src/test/kotlin/de/akquinet/ccsp/lunch/websocket/MessagingClientEndpoint.kt: (32, 17) Parameter 'session' is never used
[WARNING] /Users/mdahm/projects/Kotlin/lunch-roulette/backend/src/test/kotlin/de/akquinet/ccsp/lunch/websocket/MessagingClientEndpoint.kt: (32, 35) Parameter 'reason' is never used
[INFO] 
[INFO] --- maven-surefire-plugin:2.21.0:test (default-test) @ lunchroulette-backend ---
[INFO] 
[INFO] -------------------------------------------------------
[INFO]  T E S T S
[INFO] -------------------------------------------------------
[INFO] Running de.akquinet.ccsp.lunch.CommunityRepositoryTest
08:51:13.682 [main] DEBUG org.springframework.test.context.junit4.SpringJUnit4ClassRunner - SpringJUnit4ClassRunner constructor called with [class de.akquinet.ccsp.lunch.CommunityRepositoryTest]
08:51:13.688 [main] DEBUG org.springframework.test.context.BootstrapUtils - Instantiating CacheAwareContextLoaderDelegate from class [org.springframework.test.context.cache.DefaultCacheAwareContextLoaderDelegate]
08:51:13.694 [main] DEBUG org.springframework.test.context.BootstrapUtils - Instantiating BootstrapContext using constructor [public org.springframework.test.context.support.DefaultBootstrapContext(java.lang.Class,org.springframework.test.context.CacheAwareContextLoaderDelegate)]
08:51:13.712 [main] DEBUG org.springframework.test.context.BootstrapUtils - Instantiating TestContextBootstrapper for test class [de.akquinet.ccsp.lunch.CommunityRepositoryTest] from class [org.springframework.boot.test.context.SpringBootTestContextBootstrapper]
08:51:13.725 [main] INFO org.springframework.boot.test.context.SpringBootTestContextBootstrapper - Neither @ContextConfiguration nor @ContextHierarchy found for test class [de.akquinet.ccsp.lunch.CommunityRepositoryTest], using SpringBootContextLoader
08:51:13.730 [main] DEBUG org.springframework.test.context.support.AbstractContextLoader - Did not detect default resource location for test class [de.akquinet.ccsp.lunch.CommunityRepositoryTest]: class path resource [de/akquinet/ccsp/lunch/CommunityRepositoryTest-context.xml] does not exist
08:51:13.731 [main] DEBUG org.springframework.test.context.support.AbstractContextLoader - Did not detect default resource location for test class [de.akquinet.ccsp.lunch.CommunityRepositoryTest]: class path resource [de/akquinet/ccsp/lunch/CommunityRepositoryTestContext.groovy] does not exist
08:51:13.731 [main] INFO org.springframework.test.context.support.AbstractContextLoader - Could not detect default resource locations for test class [de.akquinet.ccsp.lunch.CommunityRepositoryTest]: no resource found for suffixes {-context.xml, Context.groovy}.
08:51:13.795 [main] DEBUG org.springframework.test.context.support.ActiveProfilesUtils - Could not find an 'annotation declaring class' for annotation type [org.springframework.test.context.ActiveProfiles] and class [de.akquinet.ccsp.lunch.CommunityRepositoryTest]
08:51:13.954 [main] DEBUG org.springframework.boot.test.context.SpringBootTestContextBootstrapper - @TestExecutionListeners is not present for class [de.akquinet.ccsp.lunch.CommunityRepositoryTest]: using defaults.
08:51:13.955 [main] INFO org.springframework.boot.test.context.SpringBootTestContextBootstrapper - Loaded default TestExecutionListener class names from location [META-INF/spring.factories]: [org.springframework.boot.test.mock.mockito.MockitoTestExecutionListener, org.springframework.boot.test.mock.mockito.ResetMocksTestExecutionListener, org.springframework.boot.test.autoconfigure.restdocs.RestDocsTestExecutionListener, org.springframework.boot.test.autoconfigure.web.client.MockRestServiceServerResetTestExecutionListener, org.springframework.boot.test.autoconfigure.web.servlet.MockMvcPrintOnlyOnFailureTestExecutionListener, org.springframework.boot.test.autoconfigure.web.servlet.WebDriverTestExecutionListener, org.springframework.test.context.web.ServletTestExecutionListener, org.springframework.test.context.support.DirtiesContextBeforeModesTestExecutionListener, org.springframework.test.context.support.DependencyInjectionTestExecutionListener, org.springframework.test.context.support.DirtiesContextTestExecutionListener, org.springframework.test.context.transaction.TransactionalTestExecutionListener, org.springframework.test.context.jdbc.SqlScriptsTestExecutionListener]
08:51:13.969 [main] INFO org.springframework.boot.test.context.SpringBootTestContextBootstrapper - Using TestExecutionListeners: [org.springframework.test.context.web.ServletTestExecutionListener@51399530, org.springframework.test.context.support.DirtiesContextBeforeModesTestExecutionListener@6b2ea799, org.springframework.boot.test.mock.mockito.MockitoTestExecutionListener@411f53a0, org.springframework.boot.test.autoconfigure.SpringBootDependencyInjectionTestExecutionListener@2b71e916, org.springframework.test.context.support.DirtiesContextTestExecutionListener@36fc695d, org.springframework.test.context.transaction.TransactionalTestExecutionListener@28701274, org.springframework.test.context.jdbc.SqlScriptsTestExecutionListener@13c9d689, org.springframework.boot.test.mock.mockito.ResetMocksTestExecutionListener@3754a4bf, org.springframework.boot.test.autoconfigure.restdocs.RestDocsTestExecutionListener@62379589, org.springframework.boot.test.autoconfigure.web.client.MockRestServiceServerResetTestExecutionListener@4afcd809, org.springframework.boot.test.autoconfigure.web.servlet.MockMvcPrintOnlyOnFailureTestExecutionListener@175c2241, org.springframework.boot.test.autoconfigure.web.servlet.WebDriverTestExecutionListener@5bf0d49]
08:51:13.971 [main] DEBUG org.springframework.test.annotation.ProfileValueUtils - Retrieved @ProfileValueSourceConfiguration [null] for test class [de.akquinet.ccsp.lunch.CommunityRepositoryTest]
08:51:13.971 [main] DEBUG org.springframework.test.annotation.ProfileValueUtils - Retrieved ProfileValueSource type [class org.springframework.test.annotation.SystemProfileValueSource] for class [de.akquinet.ccsp.lunch.CommunityRepositoryTest]
08:51:13.972 [main] DEBUG org.springframework.test.annotation.ProfileValueUtils - Retrieved @ProfileValueSourceConfiguration [null] for test class [de.akquinet.ccsp.lunch.CommunityRepositoryTest]
08:51:13.972 [main] DEBUG org.springframework.test.annotation.ProfileValueUtils - Retrieved ProfileValueSource type [class org.springframework.test.annotation.SystemProfileValueSource] for class [de.akquinet.ccsp.lunch.CommunityRepositoryTest]
08:51:13.973 [main] DEBUG org.springframework.test.annotation.ProfileValueUtils - Retrieved @ProfileValueSourceConfiguration [null] for test class [de.akquinet.ccsp.lunch.CommunityRepositoryTest]
08:51:13.973 [main] DEBUG org.springframework.test.annotation.ProfileValueUtils - Retrieved ProfileValueSource type [class org.springframework.test.annotation.SystemProfileValueSource] for class [de.akquinet.ccsp.lunch.CommunityRepositoryTest]
08:51:13.975 [main] DEBUG org.springframework.test.context.support.AbstractDirtiesContextTestExecutionListener - Before test class: context [DefaultTestContext@815b41f testClass = CommunityRepositoryTest, testInstance = [null], testMethod = [null], testException = [null], mergedContextConfiguration = [WebMergedContextConfiguration@5542c4ed testClass = CommunityRepositoryTest, locations = '{}', classes = '{class de.akquinet.ccsp.lunch.Application, class de.akquinet.ccsp.lunch.Application}', contextInitializerClasses = '[]', activeProfiles = '{}', propertySourceLocations = '{classpath:application-test.properties}', propertySourceProperties = '{org.springframework.boot.test.context.SpringBootTestContextBootstrapper=true, server.port=0}', contextCustomizers = set[org.springframework.boot.test.context.filter.ExcludeFilterContextCustomizer@5f71c76a, org.springframework.boot.test.json.DuplicateJsonObjectContextCustomizerFactory$DuplicateJsonObjectContextCustomizer@1e4a7dd4, org.springframework.boot.test.mock.mockito.MockitoContextCustomizer@0, org.springframework.boot.test.web.client.TestRestTemplateContextCustomizer@101df177, org.springframework.boot.test.autoconfigure.properties.PropertyMappingContextCustomizer@0, org.springframework.boot.test.autoconfigure.web.servlet.WebDriverContextCustomizerFactory$Customizer@70beb599], resourceBasePath = 'src/main/webapp', contextLoader = 'org.springframework.boot.test.context.SpringBootContextLoader', parent = [null]], attributes = map['org.springframework.test.context.web.ServletTestExecutionListener.activateListener' -> false]], class annotated with @DirtiesContext [false] with mode [null].
08:51:13.976 [main] DEBUG org.springframework.test.annotation.ProfileValueUtils - Retrieved @ProfileValueSourceConfiguration [null] for test class [de.akquinet.ccsp.lunch.CommunityRepositoryTest]
08:51:13.976 [main] DEBUG org.springframework.test.annotation.ProfileValueUtils - Retrieved ProfileValueSource type [class org.springframework.test.annotation.SystemProfileValueSource] for class [de.akquinet.ccsp.lunch.CommunityRepositoryTest]
08:51:13.980 [main] DEBUG org.springframework.test.context.support.DependencyInjectionTestExecutionListener - Performing dependency injection for test context [[DefaultTestContext@815b41f testClass = CommunityRepositoryTest, testInstance = de.akquinet.ccsp.lunch.CommunityRepositoryTest@5bda8e08, testMethod = [null], testException = [null], mergedContextConfiguration = [WebMergedContextConfiguration@5542c4ed testClass = CommunityRepositoryTest, locations = '{}', classes = '{class de.akquinet.ccsp.lunch.Application, class de.akquinet.ccsp.lunch.Application}', contextInitializerClasses = '[]', activeProfiles = '{}', propertySourceLocations = '{classpath:application-test.properties}', propertySourceProperties = '{org.springframework.boot.test.context.SpringBootTestContextBootstrapper=true, server.port=0}', contextCustomizers = set[org.springframework.boot.test.context.filter.ExcludeFilterContextCustomizer@5f71c76a, org.springframework.boot.test.json.DuplicateJsonObjectContextCustomizerFactory$DuplicateJsonObjectContextCustomizer@1e4a7dd4, org.springframework.boot.test.mock.mockito.MockitoContextCustomizer@0, org.springframework.boot.test.web.client.TestRestTemplateContextCustomizer@101df177, org.springframework.boot.test.autoconfigure.properties.PropertyMappingContextCustomizer@0, org.springframework.boot.test.autoconfigure.web.servlet.WebDriverContextCustomizerFactory$Customizer@70beb599], resourceBasePath = 'src/main/webapp', contextLoader = 'org.springframework.boot.test.context.SpringBootContextLoader', parent = [null]], attributes = map['org.springframework.test.context.web.ServletTestExecutionListener.activateListener' -> false]]].
08:51:13.999 [main] DEBUG org.springframework.core.env.StandardEnvironment - Adding PropertySource 'systemProperties' with lowest search precedence
08:51:13.999 [main] DEBUG org.springframework.core.env.StandardEnvironment - Adding PropertySource 'systemEnvironment' with lowest search precedence
08:51:14.000 [main] DEBUG org.springframework.core.env.StandardEnvironment - Initialized StandardEnvironment with PropertySources [MapPropertySource@1313916817 {name='systemProperties', properties={java.runtime.name=Java(TM) SE Runtime Environment, sun.boot.library.path=/Library/Java/JavaVirtualMachines/jdk1.8.0_172.jdk/Contents/Home/jre/lib, java.vm.version=25.172-b11, gopherProxySet=false, java.vm.vendor=Oracle Corporation, java.vendor.url=http://java.oracle.com/, path.separator=:, java.vm.name=Java HotSpot(TM) 64-Bit Server VM, file.encoding.pkg=sun.io, user.country=DE, sun.java.launcher=SUN_STANDARD, sun.os.patch.level=unknown, java.vm.specification.name=Java Virtual Machine Specification, user.dir=/Users/mdahm/projects/Kotlin/lunch-roulette/backend, java.runtime.version=1.8.0_172-b11, basedir=/Users/mdahm/projects/Kotlin/lunch-roulette/backend, java.awt.graphicsenv=sun.awt.CGraphicsEnvironment, java.endorsed.dirs=/Library/Java/JavaVirtualMachines/jdk1.8.0_172.jdk/Contents/Home/jre/lib/endorsed, os.arch=x86_64, surefire.real.class.path=/Users/mdahm/projects/Kotlin/lunch-roulette/backend/target/surefire/surefirebooter3843373956716873692.jar, java.io.tmpdir=/var/folders/3r/23t01phd7cqfc5nn4jrj5xl80000gq/T/, line.separator=
, java.vm.specification.vendor=Oracle Corporation, os.name=Mac OS X, sun.jnu.encoding=UTF-8, java.library.path=/Users/mdahm/Library/Java/Extensions:/Library/Java/Extensions:/Network/Library/Java/Extensions:/System/Library/Java/Extensions:/usr/lib/java:., surefire.test.class.path=/Users/mdahm/projects/Kotlin/lunch-roulette/backend/target/test-classes:/Users/mdahm/projects/Kotlin/lunch-roulette/backend/target/classes:/Data/maven/repository/org/jetbrains/kotlin/kotlin-stdlib-jdk8/1.2.60/kotlin-stdlib-jdk8-1.2.60.jar:/Data/maven/repository/org/jetbrains/kotlin/kotlin-stdlib/1.2.60/kotlin-stdlib-1.2.60.jar:/Data/maven/repository/org/jetbrains/kotlin/kotlin-stdlib-common/1.2.60/kotlin-stdlib-common-1.2.60.jar:/Data/maven/repository/org/jetbrains/annotations/13.0/annotations-13.0.jar:/Data/maven/repository/org/jetbrains/kotlin/kotlin-stdlib-jdk7/1.2.60/kotlin-stdlib-jdk7-1.2.60.jar:/Data/maven/repository/junit/junit/4.12/junit-4.12.jar:/Data/maven/repository/org/hamcrest/hamcrest-core/1.3/hamcrest-core-1.3.jar:/Data/maven/repository/org/assertj/assertj-core/3.8.0/assertj-core-3.8.0.jar:/Data/maven/repository/com/jayway/restassured/rest-assured/2.3.1/rest-assured-2.3.1.jar:/Data/maven/repository/org/codehaus/groovy/groovy/2.4.15/groovy-2.4.15.jar:/Data/maven/repository/org/codehaus/groovy/groovy-xml/2.4.15/groovy-xml-2.4.15.jar:/Data/maven/repository/org/apache/httpcomponents/httpmime/4.5.5/httpmime-4.5.5.jar:/Data/maven/repository/org/hamcrest/hamcrest-library/1.3/hamcrest-library-1.3.jar:/Data/maven/repository/org/ccil/cowan/tagsoup/tagsoup/1.2.1/tagsoup-1.2.1.jar:/Data/maven/repository/com/jayway/restassured/json-path/2.3.1/json-path-2.3.1.jar:/Data/maven/repository/org/codehaus/groovy/groovy-json/2.4.15/groovy-json-2.4.15.jar:/Data/maven/repository/com/jayway/restassured/rest-assured-common/2.3.1/rest-assured-common-2.3.1.jar:/Data/maven/repository/com/jayway/restassured/xml-path/2.3.1/xml-path-2.3.1.jar:/Data/maven/repository/org/apache/commons/commons-lang3/3.7/commons-lang3-3.7.jar:/Data/maven/repository/org/jetbrains/kotlin/kotlin-reflect/1.2.60/kotlin-reflect-1.2.60.jar:/Data/maven/repository/com/fasterxml/jackson/module/jackson-module-kotlin/2.9.5/jackson-module-kotlin-2.9.5.jar:/Data/maven/repository/com/fasterxml/jackson/core/jackson-databind/2.9.6/jackson-databind-2.9.6.jar:/Data/maven/repository/com/fasterxml/jackson/core/jackson-core/2.9.6/jackson-core-2.9.6.jar:/Data/maven/repository/com/fasterxml/jackson/core/jackson-annotations/2.9.0/jackson-annotations-2.9.0.jar:/Data/maven/repository/org/springframework/boot/spring-boot-starter-test/2.0.3.RELEASE/spring-boot-starter-test-2.0.3.RELEASE.jar:/Data/maven/repository/org/springframework/boot/spring-boot-starter/2.0.3.RELEASE/spring-boot-starter-2.0.3.RELEASE.jar:/Data/maven/repository/org/springframework/boot/spring-boot/2.0.3.RELEASE/spring-boot-2.0.3.RELEASE.jar:/Data/maven/repository/org/springframework/boot/spring-boot-autoconfigure/2.0.3.RELEASE/spring-boot-autoconfigure-2.0.3.RELEASE.jar:/Data/maven/repository/org/springframework/boot/spring-boot-starter-logging/2.0.3.RELEASE/spring-boot-starter-logging-2.0.3.RELEASE.jar:/Data/maven/repository/ch/qos/logback/logback-classic/1.2.3/logback-classic-1.2.3.jar:/Data/maven/repository/ch/qos/logback/logback-core/1.2.3/logback-core-1.2.3.jar:/Data/maven/repository/org/apache/logging/log4j/log4j-to-slf4j/2.10.0/log4j-to-slf4j-2.10.0.jar:/Data/maven/repository/org/apache/logging/log4j/log4j-api/2.10.0/log4j-api-2.10.0.jar:/Data/maven/repository/org/slf4j/jul-to-slf4j/1.7.25/jul-to-slf4j-1.7.25.jar:/Data/maven/repository/javax/annotation/javax.annotation-api/1.3.2/javax.annotation-api-1.3.2.jar:/Data/maven/repository/org/yaml/snakeyaml/1.19/snakeyaml-1.19.jar:/Data/maven/repository/org/springframework/boot/spring-boot-test/2.0.3.RELEASE/spring-boot-test-2.0.3.RELEASE.jar:/Data/maven/repository/org/springframework/boot/spring-boot-test-autoconfigure/2.0.3.RELEASE/spring-boot-test-autoconfigure-2.0.3.RELEASE.jar:/Data/maven/repository/com/jayway/jsonpath/json-path/2.4.0/json-path-2.4.0.jar:/Data/maven/repository/net/minidev/json-smart/2.3/json-smart-2.3.jar:/Data/maven/repository/net/minidev/accessors-smart/1.2/accessors-smart-1.2.jar:/Data/maven/repository/org/ow2/asm/asm/5.0.4/asm-5.0.4.jar:/Data/maven/repository/org/slf4j/slf4j-api/1.7.25/slf4j-api-1.7.25.jar:/Data/maven/repository/org/mockito/mockito-core/2.15.0/mockito-core-2.15.0.jar:/Data/maven/repository/net/bytebuddy/byte-buddy/1.7.11/byte-buddy-1.7.11.jar:/Data/maven/repository/net/bytebuddy/byte-buddy-agent/1.7.11/byte-buddy-agent-1.7.11.jar:/Data/maven/repository/org/objenesis/objenesis/2.6/objenesis-2.6.jar:/Data/maven/repository/org/skyscreamer/jsonassert/1.5.0/jsonassert-1.5.0.jar:/Data/maven/repository/com/vaadin/external/google/android-json/0.0.20131108.vaadin1/android-json-0.0.20131108.vaadin1.jar:/Data/maven/repository/org/springframework/spring-core/5.0.7.RELEASE/spring-core-5.0.7.RELEASE.jar:/Data/maven/repository/org/springframework/spring-jcl/5.0.7.RELEASE/spring-jcl-5.0.7.RELEASE.jar:/Data/maven/repository/org/springframework/spring-test/5.0.7.RELEASE/spring-test-5.0.7.RELEASE.jar:/Data/maven/repository/org/xmlunit/xmlunit-core/2.5.1/xmlunit-core-2.5.1.jar:/Data/maven/repository/org/springframework/boot/spring-boot-starter-data-jpa/2.0.3.RELEASE/spring-boot-starter-data-jpa-2.0.3.RELEASE.jar:/Data/maven/repository/org/springframework/boot/spring-boot-starter-aop/2.0.3.RELEASE/spring-boot-starter-aop-2.0.3.RELEASE.jar:/Data/maven/repository/org/springframework/spring-aop/5.0.7.RELEASE/spring-aop-5.0.7.RELEASE.jar:/Data/maven/repository/org/aspectj/aspectjweaver/1.8.13/aspectjweaver-1.8.13.jar:/Data/maven/repository/org/springframework/boot/spring-boot-starter-jdbc/2.0.3.RELEASE/spring-boot-starter-jdbc-2.0.3.RELEASE.jar:/Data/maven/repository/com/zaxxer/HikariCP/2.7.9/HikariCP-2.7.9.jar:/Data/maven/repository/org/springframework/spring-jdbc/5.0.7.RELEASE/spring-jdbc-5.0.7.RELEASE.jar:/Data/maven/repository/org/hibernate/hibernate-core/5.2.17.Final/hibernate-core-5.2.17.Final.jar:/Data/maven/repository/org/hibernate/javax/persistence/hibernate-jpa-2.1-api/1.0.2.Final/hibernate-jpa-2.1-api-1.0.2.Final.jar:/Data/maven/repository/org/javassist/javassist/3.22.0-GA/javassist-3.22.0-GA.jar:/Data/maven/repository/antlr/antlr/2.7.7/antlr-2.7.7.jar:/Data/maven/repository/org/jboss/jandex/2.0.3.Final/jandex-2.0.3.Final.jar:/Data/maven/repository/dom4j/dom4j/1.6.1/dom4j-1.6.1.jar:/Data/maven/repository/org/hibernate/common/hibernate-commons-annotations/5.0.1.Final/hibernate-commons-annotations-5.0.1.Final.jar:/Data/maven/repository/javax/transaction/javax.transaction-api/1.2/javax.transaction-api-1.2.jar:/Data/maven/repository/org/springframework/data/spring-data-jpa/2.0.8.RELEASE/spring-data-jpa-2.0.8.RELEASE.jar:/Data/maven/repository/org/springframework/data/spring-data-commons/2.0.8.RELEASE/spring-data-commons-2.0.8.RELEASE.jar:/Data/maven/repository/org/springframework/spring-orm/5.0.7.RELEASE/spring-orm-5.0.7.RELEASE.jar:/Data/maven/repository/org/springframework/spring-tx/5.0.7.RELEASE/spring-tx-5.0.7.RELEASE.jar:/Data/maven/repository/org/springframework/spring-beans/5.0.7.RELEASE/spring-beans-5.0.7.RELEASE.jar:/Data/maven/repository/org/springframework/spring-aspects/5.0.7.RELEASE/spring-aspects-5.0.7.RELEASE.jar:/Data/maven/repository/org/springframework/boot/spring-boot-starter-web/2.0.3.RELEASE/spring-boot-starter-web-2.0.3.RELEASE.jar:/Data/maven/repository/org/springframework/boot/spring-boot-starter-json/2.0.3.RELEASE/spring-boot-starter-json-2.0.3.RELEASE.jar:/Data/maven/repository/com/fasterxml/jackson/datatype/jackson-datatype-jdk8/2.9.6/jackson-datatype-jdk8-2.9.6.jar:/Data/maven/repository/com/fasterxml/jackson/datatype/jackson-datatype-jsr310/2.9.6/jackson-datatype-jsr310-2.9.6.jar:/Data/maven/repository/com/fasterxml/jackson/module/jackson-module-parameter-names/2.9.6/jackson-module-parameter-names-2.9.6.jar:/Data/maven/repository/org/springframework/boot/spring-boot-starter-tomcat/2.0.3.RELEASE/spring-boot-starter-tomcat-2.0.3.RELEASE.jar:/Data/maven/repository/org/apache/tomcat/embed/tomcat-embed-core/8.5.31/tomcat-embed-core-8.5.31.jar:/Data/maven/repository/org/apache/tomcat/embed/tomcat-embed-el/8.5.31/tomcat-embed-el-8.5.31.jar:/Data/maven/repository/org/apache/tomcat/embed/tomcat-embed-websocket/8.5.31/tomcat-embed-websocket-8.5.31.jar:/Data/maven/repository/org/springframework/spring-web/5.0.7.RELEASE/spring-web-5.0.7.RELEASE.jar:/Data/maven/repository/org/springframework/spring-webmvc/5.0.7.RELEASE/spring-webmvc-5.0.7.RELEASE.jar:/Data/maven/repository/org/springframework/spring-expression/5.0.7.RELEASE/spring-expression-5.0.7.RELEASE.jar:/Data/maven/repository/org/springframework/boot/spring-boot-starter-websocket/2.0.3.RELEASE/spring-boot-starter-websocket-2.0.3.RELEASE.jar:/Data/maven/repository/org/springframework/spring-messaging/5.0.7.RELEASE/spring-messaging-5.0.7.RELEASE.jar:/Data/maven/repository/org/springframework/spring-websocket/5.0.7.RELEASE/spring-websocket-5.0.7.RELEASE.jar:/Data/maven/repository/org/springframework/spring-context/5.0.7.RELEASE/spring-context-5.0.7.RELEASE.jar:/Data/maven/repository/org/hibernate/validator/hibernate-validator/6.0.10.Final/hibernate-validator-6.0.10.Final.jar:/Data/maven/repository/javax/validation/validation-api/2.0.1.Final/validation-api-2.0.1.Final.jar:/Data/maven/repository/org/jboss/logging/jboss-logging/3.3.2.Final/jboss-logging-3.3.2.Final.jar:/Data/maven/repository/com/fasterxml/classmate/1.3.4/classmate-1.3.4.jar:/Data/maven/repository/org/apache/httpcomponents/httpclient/4.5.3/httpclient-4.5.3.jar:/Data/maven/repository/org/apache/httpcomponents/httpcore/4.4.9/httpcore-4.4.9.jar:/Data/maven/repository/commons-codec/commons-codec/1.11/commons-codec-1.11.jar:/Data/maven/repository/commons-io/commons-io/2.6/commons-io-2.6.jar:/Data/maven/repository/com/h2database/h2/1.4.197/h2-1.4.197.jar:/Data/maven/repository/org/postgresql/postgresql/42.2.2/postgresql-42.2.2.jar:, java.specification.name=Java Platform API Specification, java.class.version=52.0, sun.management.compiler=HotSpot 64-Bit Tiered Compilers, os.version=10.13.6, http.nonProxyHosts=local|*.local|169.254/16|*.169.254/16, user.home=/Users/mdahm, user.timezone=Europe/Berlin, java.awt.printerjob=sun.lwawt.macosx.CPrinterJob, file.encoding=UTF-8, java.specification.version=1.8, java.class.path=/Users/mdahm/projects/Kotlin/lunch-roulette/backend/target/test-classes:/Users/mdahm/projects/Kotlin/lunch-roulette/backend/target/classes:/Data/maven/repository/org/jetbrains/kotlin/kotlin-stdlib-jdk8/1.2.60/kotlin-stdlib-jdk8-1.2.60.jar:/Data/maven/repository/org/jetbrains/kotlin/kotlin-stdlib/1.2.60/kotlin-stdlib-1.2.60.jar:/Data/maven/repository/org/jetbrains/kotlin/kotlin-stdlib-common/1.2.60/kotlin-stdlib-common-1.2.60.jar:/Data/maven/repository/org/jetbrains/annotations/13.0/annotations-13.0.jar:/Data/maven/repository/org/jetbrains/kotlin/kotlin-stdlib-jdk7/1.2.60/kotlin-stdlib-jdk7-1.2.60.jar:/Data/maven/repository/junit/junit/4.12/junit-4.12.jar:/Data/maven/repository/org/hamcrest/hamcrest-core/1.3/hamcrest-core-1.3.jar:/Data/maven/repository/org/assertj/assertj-core/3.8.0/assertj-core-3.8.0.jar:/Data/maven/repository/com/jayway/restassured/rest-assured/2.3.1/rest-assured-2.3.1.jar:/Data/maven/repository/org/codehaus/groovy/groovy/2.4.15/groovy-2.4.15.jar:/Data/maven/repository/org/codehaus/groovy/groovy-xml/2.4.15/groovy-xml-2.4.15.jar:/Data/maven/repository/org/apache/httpcomponents/httpmime/4.5.5/httpmime-4.5.5.jar:/Data/maven/repository/org/hamcrest/hamcrest-library/1.3/hamcrest-library-1.3.jar:/Data/maven/repository/org/ccil/cowan/tagsoup/tagsoup/1.2.1/tagsoup-1.2.1.jar:/Data/maven/repository/com/jayway/restassured/json-path/2.3.1/json-path-2.3.1.jar:/Data/maven/repository/org/codehaus/groovy/groovy-json/2.4.15/groovy-json-2.4.15.jar:/Data/maven/repository/com/jayway/restassured/rest-assured-common/2.3.1/rest-assured-common-2.3.1.jar:/Data/maven/repository/com/jayway/restassured/xml-path/2.3.1/xml-path-2.3.1.jar:/Data/maven/repository/org/apache/commons/commons-lang3/3.7/commons-lang3-3.7.jar:/Data/maven/repository/org/jetbrains/kotlin/kotlin-reflect/1.2.60/kotlin-reflect-1.2.60.jar:/Data/maven/repository/com/fasterxml/jackson/module/jackson-module-kotlin/2.9.5/jackson-module-kotlin-2.9.5.jar:/Data/maven/repository/com/fasterxml/jackson/core/jackson-databind/2.9.6/jackson-databind-2.9.6.jar:/Data/maven/repository/com/fasterxml/jackson/core/jackson-core/2.9.6/jackson-core-2.9.6.jar:/Data/maven/repository/com/fasterxml/jackson/core/jackson-annotations/2.9.0/jackson-annotations-2.9.0.jar:/Data/maven/repository/org/springframework/boot/spring-boot-starter-test/2.0.3.RELEASE/spring-boot-starter-test-2.0.3.RELEASE.jar:/Data/maven/repository/org/springframework/boot/spring-boot-starter/2.0.3.RELEASE/spring-boot-starter-2.0.3.RELEASE.jar:/Data/maven/repository/org/springframework/boot/spring-boot/2.0.3.RELEASE/spring-boot-2.0.3.RELEASE.jar:/Data/maven/repository/org/springframework/boot/spring-boot-autoconfigure/2.0.3.RELEASE/spring-boot-autoconfigure-2.0.3.RELEASE.jar:/Data/maven/repository/org/springframework/boot/spring-boot-starter-logging/2.0.3.RELEASE/spring-boot-starter-logging-2.0.3.RELEASE.jar:/Data/maven/repository/ch/qos/logback/logback-classic/1.2.3/logback-classic-1.2.3.jar:/Data/maven/repository/ch/qos/logback/logback-core/1.2.3/logback-core-1.2.3.jar:/Data/maven/repository/org/apache/logging/log4j/log4j-to-slf4j/2.10.0/log4j-to-slf4j-2.10.0.jar:/Data/maven/repository/org/apache/logging/log4j/log4j-api/2.10.0/log4j-api-2.10.0.jar:/Data/maven/repository/org/slf4j/jul-to-slf4j/1.7.25/jul-to-slf4j-1.7.25.jar:/Data/maven/repository/javax/annotation/javax.annotation-api/1.3.2/javax.annotation-api-1.3.2.jar:/Data/maven/repository/org/yaml/snakeyaml/1.19/snakeyaml-1.19.jar:/Data/maven/repository/org/springframework/boot/spring-boot-test/2.0.3.RELEASE/spring-boot-test-2.0.3.RELEASE.jar:/Data/maven/repository/org/springframework/boot/spring-boot-test-autoconfigure/2.0.3.RELEASE/spring-boot-test-autoconfigure-2.0.3.RELEASE.jar:/Data/maven/repository/com/jayway/jsonpath/json-path/2.4.0/json-path-2.4.0.jar:/Data/maven/repository/net/minidev/json-smart/2.3/json-smart-2.3.jar:/Data/maven/repository/net/minidev/accessors-smart/1.2/accessors-smart-1.2.jar:/Data/maven/repository/org/ow2/asm/asm/5.0.4/asm-5.0.4.jar:/Data/maven/repository/org/slf4j/slf4j-api/1.7.25/slf4j-api-1.7.25.jar:/Data/maven/repository/org/mockito/mockito-core/2.15.0/mockito-core-2.15.0.jar:/Data/maven/repository/net/bytebuddy/byte-buddy/1.7.11/byte-buddy-1.7.11.jar:/Data/maven/repository/net/bytebuddy/byte-buddy-agent/1.7.11/byte-buddy-agent-1.7.11.jar:/Data/maven/repository/org/objenesis/objenesis/2.6/objenesis-2.6.jar:/Data/maven/repository/org/skyscreamer/jsonassert/1.5.0/jsonassert-1.5.0.jar:/Data/maven/repository/com/vaadin/external/google/android-json/0.0.20131108.vaadin1/android-json-0.0.20131108.vaadin1.jar:/Data/maven/repository/org/springframework/spring-core/5.0.7.RELEASE/spring-core-5.0.7.RELEASE.jar:/Data/maven/repository/org/springframework/spring-jcl/5.0.7.RELEASE/spring-jcl-5.0.7.RELEASE.jar:/Data/maven/repository/org/springframework/spring-test/5.0.7.RELEASE/spring-test-5.0.7.RELEASE.jar:/Data/maven/repository/org/xmlunit/xmlunit-core/2.5.1/xmlunit-core-2.5.1.jar:/Data/maven/repository/org/springframework/boot/spring-boot-starter-data-jpa/2.0.3.RELEASE/spring-boot-starter-data-jpa-2.0.3.RELEASE.jar:/Data/maven/repository/org/springframework/boot/spring-boot-starter-aop/2.0.3.RELEASE/spring-boot-starter-aop-2.0.3.RELEASE.jar:/Data/maven/repository/org/springframework/spring-aop/5.0.7.RELEASE/spring-aop-5.0.7.RELEASE.jar:/Data/maven/repository/org/aspectj/aspectjweaver/1.8.13/aspectjweaver-1.8.13.jar:/Data/maven/repository/org/springframework/boot/spring-boot-starter-jdbc/2.0.3.RELEASE/spring-boot-starter-jdbc-2.0.3.RELEASE.jar:/Data/maven/repository/com/zaxxer/HikariCP/2.7.9/HikariCP-2.7.9.jar:/Data/maven/repository/org/springframework/spring-jdbc/5.0.7.RELEASE/spring-jdbc-5.0.7.RELEASE.jar:/Data/maven/repository/org/hibernate/hibernate-core/5.2.17.Final/hibernate-core-5.2.17.Final.jar:/Data/maven/repository/org/hibernate/javax/persistence/hibernate-jpa-2.1-api/1.0.2.Final/hibernate-jpa-2.1-api-1.0.2.Final.jar:/Data/maven/repository/org/javassist/javassist/3.22.0-GA/javassist-3.22.0-GA.jar:/Data/maven/repository/antlr/antlr/2.7.7/antlr-2.7.7.jar:/Data/maven/repository/org/jboss/jandex/2.0.3.Final/jandex-2.0.3.Final.jar:/Data/maven/repository/dom4j/dom4j/1.6.1/dom4j-1.6.1.jar:/Data/maven/repository/org/hibernate/common/hibernate-commons-annotations/5.0.1.Final/hibernate-commons-annotations-5.0.1.Final.jar:/Data/maven/repository/javax/transaction/javax.transaction-api/1.2/javax.transaction-api-1.2.jar:/Data/maven/repository/org/springframework/data/spring-data-jpa/2.0.8.RELEASE/spring-data-jpa-2.0.8.RELEASE.jar:/Data/maven/repository/org/springframework/data/spring-data-commons/2.0.8.RELEASE/spring-data-commons-2.0.8.RELEASE.jar:/Data/maven/repository/org/springframework/spring-orm/5.0.7.RELEASE/spring-orm-5.0.7.RELEASE.jar:/Data/maven/repository/org/springframework/spring-tx/5.0.7.RELEASE/spring-tx-5.0.7.RELEASE.jar:/Data/maven/repository/org/springframework/spring-beans/5.0.7.RELEASE/spring-beans-5.0.7.RELEASE.jar:/Data/maven/repository/org/springframework/spring-aspects/5.0.7.RELEASE/spring-aspects-5.0.7.RELEASE.jar:/Data/maven/repository/org/springframework/boot/spring-boot-starter-web/2.0.3.RELEASE/spring-boot-starter-web-2.0.3.RELEASE.jar:/Data/maven/repository/org/springframework/boot/spring-boot-starter-json/2.0.3.RELEASE/spring-boot-starter-json-2.0.3.RELEASE.jar:/Data/maven/repository/com/fasterxml/jackson/datatype/jackson-datatype-jdk8/2.9.6/jackson-datatype-jdk8-2.9.6.jar:/Data/maven/repository/com/fasterxml/jackson/datatype/jackson-datatype-jsr310/2.9.6/jackson-datatype-jsr310-2.9.6.jar:/Data/maven/repository/com/fasterxml/jackson/module/jackson-module-parameter-names/2.9.6/jackson-module-parameter-names-2.9.6.jar:/Data/maven/repository/org/springframework/boot/spring-boot-starter-tomcat/2.0.3.RELEASE/spring-boot-starter-tomcat-2.0.3.RELEASE.jar:/Data/maven/repository/org/apache/tomcat/embed/tomcat-embed-core/8.5.31/tomcat-embed-core-8.5.31.jar:/Data/maven/repository/org/apache/tomcat/embed/tomcat-embed-el/8.5.31/tomcat-embed-el-8.5.31.jar:/Data/maven/repository/org/apache/tomcat/embed/tomcat-embed-websocket/8.5.31/tomcat-embed-websocket-8.5.31.jar:/Data/maven/repository/org/springframework/spring-web/5.0.7.RELEASE/spring-web-5.0.7.RELEASE.jar:/Data/maven/repository/org/springframework/spring-webmvc/5.0.7.RELEASE/spring-webmvc-5.0.7.RELEASE.jar:/Data/maven/repository/org/springframework/spring-expression/5.0.7.RELEASE/spring-expression-5.0.7.RELEASE.jar:/Data/maven/repository/org/springframework/boot/spring-boot-starter-websocket/2.0.3.RELEASE/spring-boot-starter-websocket-2.0.3.RELEASE.jar:/Data/maven/repository/org/springframework/spring-messaging/5.0.7.RELEASE/spring-messaging-5.0.7.RELEASE.jar:/Data/maven/repository/org/springframework/spring-websocket/5.0.7.RELEASE/spring-websocket-5.0.7.RELEASE.jar:/Data/maven/repository/org/springframework/spring-context/5.0.7.RELEASE/spring-context-5.0.7.RELEASE.jar:/Data/maven/repository/org/hibernate/validator/hibernate-validator/6.0.10.Final/hibernate-validator-6.0.10.Final.jar:/Data/maven/repository/javax/validation/validation-api/2.0.1.Final/validation-api-2.0.1.Final.jar:/Data/maven/repository/org/jboss/logging/jboss-logging/3.3.2.Final/jboss-logging-3.3.2.Final.jar:/Data/maven/repository/com/fasterxml/classmate/1.3.4/classmate-1.3.4.jar:/Data/maven/repository/org/apache/httpcomponents/httpclient/4.5.3/httpclient-4.5.3.jar:/Data/maven/repository/org/apache/httpcomponents/httpcore/4.4.9/httpcore-4.4.9.jar:/Data/maven/repository/commons-codec/commons-codec/1.11/commons-codec-1.11.jar:/Data/maven/repository/commons-io/commons-io/2.6/commons-io-2.6.jar:/Data/maven/repository/com/h2database/h2/1.4.197/h2-1.4.197.jar:/Data/maven/repository/org/postgresql/postgresql/42.2.2/postgresql-42.2.2.jar:, user.name=mdahm, java.vm.specification.version=1.8, sun.java.command=/Users/mdahm/projects/Kotlin/lunch-roulette/backend/target/surefire/surefirebooter3843373956716873692.jar /Users/mdahm/projects/Kotlin/lunch-roulette/backend/target/surefire 2018-08-31T08-51-12_995-jvmRun1 surefire5666637599063940308tmp surefire_03082720864540925231tmp, java.home=/Library/Java/JavaVirtualMachines/jdk1.8.0_172.jdk/Contents/Home/jre, sun.arch.data.model=64, user.language=de, java.specification.vendor=Oracle Corporation, awt.toolkit=sun.lwawt.macosx.LWCToolkit, java.vm.info=mixed mode, java.version=1.8.0_172, java.ext.dirs=/Users/mdahm/Library/Java/Extensions:/Library/Java/JavaVirtualMachines/jdk1.8.0_172.jdk/Contents/Home/jre/lib/ext:/Library/Java/Extensions:/Network/Library/Java/Extensions:/System/Library/Java/Extensions:/usr/lib/java, sun.boot.class.path=/Library/Java/JavaVirtualMachines/jdk1.8.0_172.jdk/Contents/Home/jre/lib/resources.jar:/Library/Java/JavaVirtualMachines/jdk1.8.0_172.jdk/Contents/Home/jre/lib/rt.jar:/Library/Java/JavaVirtualMachines/jdk1.8.0_172.jdk/Contents/Home/jre/lib/sunrsasign.jar:/Library/Java/JavaVirtualMachines/jdk1.8.0_172.jdk/Contents/Home/jre/lib/jsse.jar:/Library/Java/JavaVirtualMachines/jdk1.8.0_172.jdk/Contents/Home/jre/lib/jce.jar:/Library/Java/JavaVirtualMachines/jdk1.8.0_172.jdk/Contents/Home/jre/lib/charsets.jar:/Library/Java/JavaVirtualMachines/jdk1.8.0_172.jdk/Contents/Home/jre/lib/jfr.jar:/Library/Java/JavaVirtualMachines/jdk1.8.0_172.jdk/Contents/Home/jre/classes, java.vendor=Oracle Corporation, localRepository=/Data/maven/repository, file.separator=/, java.vendor.url.bug=http://bugreport.sun.com/bugreport/, sun.io.unicode.encoding=UnicodeBig, sun.cpu.endian=little, socksNonProxyHosts=local|*.local|169.254/16|*.169.254/16, ftp.nonProxyHosts=local|*.local|169.254/16|*.169.254/16, sun.cpu.isalist=}}, SystemEnvironmentPropertySource@1966124444 {name='systemEnvironment', properties={tub=bolero.cs.tu-berlin.de, PATH=/Users/mdahm/bin:/Users/mdahm/bin/x86_64:/Library/Java/Home/bin:/usr/local/Cellar/maven/Home/bin:/usr/share/ant/bin:/Library/PostgreSQL/9.4/bin:/usr/local/sbin:/usr/local/bin:/usr/sbin:/sbin:/bin:/usr/local/mysql/bin:/Prog/play-1.2.5:/usr/local/android-sdk-macosx/tools:/usr/bin:/bin:., HOST=tolot.fritz.box, ANDROID_HOME=/usr/local/android-sdk-macosx, MVN_HOME=/usr/local/Cellar/maven/Home, MACHTYPE=x86_64, MAVEN_HOME=/usr/local/Cellar/maven/Home, OSTYPE=darwin, LOGNAME=mdahm, JDK_HOME=/Library/Java/Home, PWD=/Users/mdahm/projects/Kotlin/lunch-roulette/backend, TERM_PROGRAM_VERSION=404, SHELL=/bin/bash, PAGER=less, HOSTTYPE=unknown, EXTRA_PATH=/usr/local/Cellar/maven/Home/bin:/usr/share/ant/bin, OLDPWD=/Users/mdahm/projects/Kotlin/lunch-roulette/backend, SECURITYSESSIONID=186a7, TMPDIR=/tmp, XPC_FLAGS=0x0, TERM_SESSION_ID=64817F82-FC18-49D6-AC00-3294EE0D88BE, M2_HOME=/usr/local/Cellar/maven/Home, __CF_USER_TEXT_ENCODING=0x1F7:0x0:0x3, COPYFILE_DISABLE=1, Apple_PubSub_Socket_Render=/private/tmp/com.apple.launchd.0eZeqpMmnN/Render, LESS=Ms, SHLVL=2, LOCALPATH=/usr/local/sbin:/usr/local/bin:/usr/sbin:/sbin:/bin:/usr/local/mysql/bin:/Prog/play-1.2.5:/usr/local/android-sdk-macosx/tools, CVSIGNORE=\*.class .classpath .project build classes, JAVA_MAIN_CLASS_2098=org.codehaus.plexus.classworlds.launcher.Launcher, JAVA_MAIN_CLASS_2132=org.apache.maven.surefire.booter.ForkedBooter, ARCH=x86_64, LESSCHARSET=latin1, JAVA_HOME=/Library/Java/Home, TERM=xterm-256color, LANG=de_DE.UTF-8, MAVEN_OPTS= -XX:+CMSClassUnloadingEnabled -Xmx4096m -Dmaven.wagon.http.ssl.insecure=true -Dmaven.wagon.http.ssl.allowall=true -Djava.awt.headless=true, PG_HOME=/Library/PostgreSQL/9.4, GROUP=staff, ANT_HOME=/usr/share/ant, DISPLAY=/private/tmp/com.apple.launchd.ckVVBNQmWN/org.macosforge.xquartz:0, XPC_SERVICE_NAME=0, JAVA_VERSION=1.8, MAVEN_CMD_LINE_ARGS= clean install, _=/Library/Java/JavaVirtualMachines/jdk1.8.0_172.jdk/Contents/Home/jre/bin/java, GIT_SSL_NO_VERIFY=1, NVM_DIR=/Users/mdahm/.nvm, OS=Darwin, TERM_PROGRAM=Apple_Terminal, PLAY_HOME=/Prog/play-1.2.5, CVS_RSH=ssh, MAVEN_PROJECTBASEDIR=/Users/mdahm/projects/Kotlin/lunch-roulette, USER=mdahm, SSH_AUTH_SOCK=/private/tmp/com.apple.launchd.jB2pn8bQ7E/Listeners, MORE=-c, EDITOR=open -t, GDK_NATIVE_WINDOWS=true, x=/Users/mdahm/Downloads, PATH_SEPARATOR=:, VENDOR=apple, SEPARATOR_CHAR=/, GZIP=-N -9, INTERACTIVE=true, HOME=/Users/mdahm}}]
08:51:14.006 [main] DEBUG org.springframework.core.env.StandardEnvironment - Adding PropertySource 'class path resource [application-test.properties]' with highest search precedence
08:51:14.007 [main] DEBUG org.springframework.test.context.support.TestPropertySourceUtils - Adding inlined properties to environment: {spring.jmx.enabled=false, org.springframework.boot.test.context.SpringBootTestContextBootstrapper=true, server.port=0}
08:51:14.008 [main] DEBUG org.springframework.core.env.StandardEnvironment - Adding PropertySource 'Inlined Test Properties' with highest search precedence

  .   ____          _            __ _ _
 /\\ / ___'_ __ _ _(_)_ __  __ _ \ \ \ \
( ( )\___ | '_ | '_| | '_ \/ _` | \ \ \ \
 \\/  ___)| |_)| | | | | || (_| |  ) ) ) )
  '  |____| .__|_| |_|_| |_\__, | / / / /
 =========|_|==============|___/=/_/_/_/
 :: Spring Boot ::        (v2.0.3.RELEASE)

2018-08-31 08:51:14.305  INFO 2132 --- [           main] d.a.ccsp.lunch.CommunityRepositoryTest   : Starting CommunityRepositoryTest on tolot.fritz.box with PID 2132 (started by mdahm in /Users/mdahm/projects/Kotlin/lunch-roulette/backend)
2018-08-31 08:51:14.309 DEBUG 2132 --- [           main] d.a.ccsp.lunch.CommunityRepositoryTest   : Running with Spring Boot v2.0.3.RELEASE, Spring v5.0.7.RELEASE
2018-08-31 08:51:14.311  INFO 2132 --- [           main] d.a.ccsp.lunch.CommunityRepositoryTest   : No active profile set, falling back to default profiles: default
2018-08-31 08:51:16.513 DEBUG 2132 --- [ost-startStop-1] o.s.w.f.CommonsRequestLoggingFilter      : Initializing filter 'logFilter'
2018-08-31 08:51:16.513 DEBUG 2132 --- [ost-startStop-1] o.s.w.f.CommonsRequestLoggingFilter      : Filter 'logFilter' configured successfully
2018-08-31 08:51:18.911  WARN 2132 --- [           main] aWebConfiguration$JpaWebMvcConfiguration : spring.jpa.open-in-view is enabled by default. Therefore, database queries may be performed during view rendering. Explicitly configure spring.jpa.open-in-view to disable this warning
2018-08-31 08:51:19.521  INFO 2132 --- [           main] d.a.ccsp.lunch.CommunityRepositoryTest   : Started CommunityRepositoryTest in 5.509 seconds (JVM running for 6.244)
[INFO] Tests run: 1, Failures: 0, Errors: 0, Skipped: 0, Time elapsed: 6.391 s - in de.akquinet.ccsp.lunch.CommunityRepositoryTest
[INFO] Running de.akquinet.ccsp.lunch.UserControllerTest
2018-08-31 08:51:20.235 DEBUG 2132 --- [o-auto-1-exec-1] o.s.w.f.CommonsRequestLoggingFilter      : Before request [uri=/lunchroulette/rest/users/store]
2018-08-31 08:51:20.405 DEBUG 2132 --- [o-auto-1-exec-1] o.s.w.f.CommonsRequestLoggingFilter      : REQUEST DATA : uri=/lunchroulette/rest/users/store;payload={"name":"Markus","email":"markus.dahm@gmail.com","id":0}]
2018-08-31 08:51:20.425 DEBUG 2132 --- [o-auto-1-exec-2] o.s.w.f.CommonsRequestLoggingFilter      : Before request [uri=/lunchroulette/rest/users/Markus]
2018-08-31 08:51:20.446 DEBUG 2132 --- [o-auto-1-exec-2] o.s.w.f.CommonsRequestLoggingFilter      : REQUEST DATA : uri=/lunchroulette/rest/users/Markus]
2018-08-31 08:51:20.474 DEBUG 2132 --- [o-auto-1-exec-3] o.s.w.f.CommonsRequestLoggingFilter      : Before request [uri=/lunchroulette/rest/users/store]
2018-08-31 08:51:20.523 ERROR 2132 --- [o-auto-1-exec-3] c.l.r.RestResponseEntityExceptionHandler : Invalid store request

de.akquinet.ccsp.lunch.rest.InvalidStoreRequest: email: muss auf Ausdruck "^[A-Z0-9._%+-]+@[A-Z0-9.-]+\.[A-Z]{2,6}$" passen
	at de.akquinet.ccsp.lunch.controller.AbstractController$Companion.check(AbstractController.kt:36) ~[classes/:na]
	at de.akquinet.ccsp.lunch.controller.AbstractController$Companion.access$check(AbstractController.kt:33) ~[classes/:na]
	at de.akquinet.ccsp.lunch.controller.AbstractController.store(AbstractController.kt:28) ~[classes/:na]
	at sun.reflect.NativeMethodAccessorImpl.invoke0(Native Method) ~[na:1.8.0_172]
	at sun.reflect.NativeMethodAccessorImpl.invoke(NativeMethodAccessorImpl.java:62) ~[na:1.8.0_172]
	at sun.reflect.DelegatingMethodAccessorImpl.invoke(DelegatingMethodAccessorImpl.java:43) ~[na:1.8.0_172]
	at java.lang.reflect.Method.invoke(Method.java:498) ~[na:1.8.0_172]
	at org.springframework.web.method.support.InvocableHandlerMethod.doInvoke(InvocableHandlerMethod.java:209) ~[spring-web-5.0.7.RELEASE.jar:5.0.7.RELEASE]
	at org.springframework.web.method.support.InvocableHandlerMethod.invokeForRequest(InvocableHandlerMethod.java:136) ~[spring-web-5.0.7.RELEASE.jar:5.0.7.RELEASE]
	at org.springframework.web.servlet.mvc.method.annotation.ServletInvocableHandlerMethod.invokeAndHandle(ServletInvocableHandlerMethod.java:102) ~[spring-webmvc-5.0.7.RELEASE.jar:5.0.7.RELEASE]
	at org.springframework.web.servlet.mvc.method.annotation.RequestMappingHandlerAdapter.invokeHandlerMethod(RequestMappingHandlerAdapter.java:877) ~[spring-webmvc-5.0.7.RELEASE.jar:5.0.7.RELEASE]
	at org.springframework.web.servlet.mvc.method.annotation.RequestMappingHandlerAdapter.handleInternal(RequestMappingHandlerAdapter.java:783) ~[spring-webmvc-5.0.7.RELEASE.jar:5.0.7.RELEASE]
	at org.springframework.web.servlet.mvc.method.AbstractHandlerMethodAdapter.handle(AbstractHandlerMethodAdapter.java:87) ~[spring-webmvc-5.0.7.RELEASE.jar:5.0.7.RELEASE]
	at org.springframework.web.servlet.DispatcherServlet.doDispatch(DispatcherServlet.java:991) ~[spring-webmvc-5.0.7.RELEASE.jar:5.0.7.RELEASE]
	at org.springframework.web.servlet.DispatcherServlet.doService(DispatcherServlet.java:925) ~[spring-webmvc-5.0.7.RELEASE.jar:5.0.7.RELEASE]
	at org.springframework.web.servlet.FrameworkServlet.processRequest(FrameworkServlet.java:974) [spring-webmvc-5.0.7.RELEASE.jar:5.0.7.RELEASE]
	at org.springframework.web.servlet.FrameworkServlet.doPost(FrameworkServlet.java:877) [spring-webmvc-5.0.7.RELEASE.jar:5.0.7.RELEASE]
	at javax.servlet.http.HttpServlet.service(HttpServlet.java:661) [tomcat-embed-core-8.5.31.jar:8.5.31]
	at org.springframework.web.servlet.FrameworkServlet.service(FrameworkServlet.java:851) [spring-webmvc-5.0.7.RELEASE.jar:5.0.7.RELEASE]
	at javax.servlet.http.HttpServlet.service(HttpServlet.java:742) [tomcat-embed-core-8.5.31.jar:8.5.31]
	at org.apache.catalina.core.ApplicationFilterChain.internalDoFilter(ApplicationFilterChain.java:231) [tomcat-embed-core-8.5.31.jar:8.5.31]
	at org.apache.catalina.core.ApplicationFilterChain.doFilter(ApplicationFilterChain.java:166) [tomcat-embed-core-8.5.31.jar:8.5.31]
	at org.apache.tomcat.websocket.server.WsFilter.doFilter(WsFilter.java:52) [tomcat-embed-websocket-8.5.31.jar:8.5.31]
	at org.apache.catalina.core.ApplicationFilterChain.internalDoFilter(ApplicationFilterChain.java:193) [tomcat-embed-core-8.5.31.jar:8.5.31]
	at org.apache.catalina.core.ApplicationFilterChain.doFilter(ApplicationFilterChain.java:166) [tomcat-embed-core-8.5.31.jar:8.5.31]
	at org.springframework.web.filter.AbstractRequestLoggingFilter.doFilterInternal(AbstractRequestLoggingFilter.java:246) [spring-web-5.0.7.RELEASE.jar:5.0.7.RELEASE]
	at org.springframework.web.filter.OncePerRequestFilter.doFilter(OncePerRequestFilter.java:107) [spring-web-5.0.7.RELEASE.jar:5.0.7.RELEASE]
	at org.apache.catalina.core.ApplicationFilterChain.internalDoFilter(ApplicationFilterChain.java:193) [tomcat-embed-core-8.5.31.jar:8.5.31]
	at org.apache.catalina.core.ApplicationFilterChain.doFilter(ApplicationFilterChain.java:166) [tomcat-embed-core-8.5.31.jar:8.5.31]
	at org.springframework.web.filter.RequestContextFilter.doFilterInternal(RequestContextFilter.java:99) [spring-web-5.0.7.RELEASE.jar:5.0.7.RELEASE]
	at org.springframework.web.filter.OncePerRequestFilter.doFilter(OncePerRequestFilter.java:107) [spring-web-5.0.7.RELEASE.jar:5.0.7.RELEASE]
	at org.apache.catalina.core.ApplicationFilterChain.internalDoFilter(ApplicationFilterChain.java:193) [tomcat-embed-core-8.5.31.jar:8.5.31]
	at org.apache.catalina.core.ApplicationFilterChain.doFilter(ApplicationFilterChain.java:166) [tomcat-embed-core-8.5.31.jar:8.5.31]
	at org.springframework.web.filter.HttpPutFormContentFilter.doFilterInternal(HttpPutFormContentFilter.java:109) [spring-web-5.0.7.RELEASE.jar:5.0.7.RELEASE]
	at org.springframework.web.filter.OncePerRequestFilter.doFilter(OncePerRequestFilter.java:107) [spring-web-5.0.7.RELEASE.jar:5.0.7.RELEASE]
	at org.apache.catalina.core.ApplicationFilterChain.internalDoFilter(ApplicationFilterChain.java:193) [tomcat-embed-core-8.5.31.jar:8.5.31]
	at org.apache.catalina.core.ApplicationFilterChain.doFilter(ApplicationFilterChain.java:166) [tomcat-embed-core-8.5.31.jar:8.5.31]
	at org.springframework.web.filter.HiddenHttpMethodFilter.doFilterInternal(HiddenHttpMethodFilter.java:93) [spring-web-5.0.7.RELEASE.jar:5.0.7.RELEASE]
	at org.springframework.web.filter.OncePerRequestFilter.doFilter(OncePerRequestFilter.java:107) [spring-web-5.0.7.RELEASE.jar:5.0.7.RELEASE]
	at org.apache.catalina.core.ApplicationFilterChain.internalDoFilter(ApplicationFilterChain.java:193) [tomcat-embed-core-8.5.31.jar:8.5.31]
	at org.apache.catalina.core.ApplicationFilterChain.doFilter(ApplicationFilterChain.java:166) [tomcat-embed-core-8.5.31.jar:8.5.31]
	at org.springframework.web.filter.CharacterEncodingFilter.doFilterInternal(CharacterEncodingFilter.java:200) [spring-web-5.0.7.RELEASE.jar:5.0.7.RELEASE]
	at org.springframework.web.filter.OncePerRequestFilter.doFilter(OncePerRequestFilter.java:107) [spring-web-5.0.7.RELEASE.jar:5.0.7.RELEASE]
	at org.apache.catalina.core.ApplicationFilterChain.internalDoFilter(ApplicationFilterChain.java:193) [tomcat-embed-core-8.5.31.jar:8.5.31]
	at org.apache.catalina.core.ApplicationFilterChain.doFilter(ApplicationFilterChain.java:166) [tomcat-embed-core-8.5.31.jar:8.5.31]
	at org.apache.catalina.core.StandardWrapperValve.invoke(StandardWrapperValve.java:198) [tomcat-embed-core-8.5.31.jar:8.5.31]
	at org.apache.catalina.core.StandardContextValve.invoke(StandardContextValve.java:96) [tomcat-embed-core-8.5.31.jar:8.5.31]
	at org.apache.catalina.authenticator.AuthenticatorBase.invoke(AuthenticatorBase.java:496) [tomcat-embed-core-8.5.31.jar:8.5.31]
	at org.apache.catalina.core.StandardHostValve.invoke(StandardHostValve.java:140) [tomcat-embed-core-8.5.31.jar:8.5.31]
	at org.apache.catalina.valves.ErrorReportValve.invoke(ErrorReportValve.java:81) [tomcat-embed-core-8.5.31.jar:8.5.31]
	at org.apache.catalina.core.StandardEngineValve.invoke(StandardEngineValve.java:87) [tomcat-embed-core-8.5.31.jar:8.5.31]
	at org.apache.catalina.connector.CoyoteAdapter.service(CoyoteAdapter.java:342) [tomcat-embed-core-8.5.31.jar:8.5.31]
	at org.apache.coyote.http11.Http11Processor.service(Http11Processor.java:803) [tomcat-embed-core-8.5.31.jar:8.5.31]
	at org.apache.coyote.AbstractProcessorLight.process(AbstractProcessorLight.java:66) [tomcat-embed-core-8.5.31.jar:8.5.31]
	at org.apache.coyote.AbstractProtocol$ConnectionHandler.process(AbstractProtocol.java:790) [tomcat-embed-core-8.5.31.jar:8.5.31]
	at org.apache.tomcat.util.net.NioEndpoint$SocketProcessor.doRun(NioEndpoint.java:1468) [tomcat-embed-core-8.5.31.jar:8.5.31]
	at org.apache.tomcat.util.net.SocketProcessorBase.run(SocketProcessorBase.java:49) [tomcat-embed-core-8.5.31.jar:8.5.31]
	at java.util.concurrent.ThreadPoolExecutor.runWorker(ThreadPoolExecutor.java:1149) [na:1.8.0_172]
	at java.util.concurrent.ThreadPoolExecutor$Worker.run(ThreadPoolExecutor.java:624) [na:1.8.0_172]
	at org.apache.tomcat.util.threads.TaskThread$WrappingRunnable.run(TaskThread.java:61) [tomcat-embed-core-8.5.31.jar:8.5.31]
	at java.lang.Thread.run(Thread.java:748) [na:1.8.0_172]

2018-08-31 08:51:20.540 DEBUG 2132 --- [o-auto-1-exec-3] o.s.w.f.CommonsRequestLoggingFilter      : REQUEST DATA : uri=/lunchroulette/rest/users/store;payload={"name":"Thanh Hno","email":"nonsense","id":0}]
[INFO] Tests run: 2, Failures: 0, Errors: 0, Skipped: 0, Time elapsed: 0.592 s - in de.akquinet.ccsp.lunch.UserControllerTest
[INFO] Running de.akquinet.ccsp.lunch.MessageEncoderTest
[INFO] Tests run: 1, Failures: 0, Errors: 0, Skipped: 0, Time elapsed: 0.006 s - in de.akquinet.ccsp.lunch.MessageEncoderTest
[INFO] Running de.akquinet.ccsp.lunch.websocket.MessagingTest
URI : ws://localhost:56829/lunchroulette/ws-messaging/jens
2018-08-31 08:51:20.679 DEBUG 2132 --- [o-auto-1-exec-4] o.s.w.f.CommonsRequestLoggingFilter      : Before request [uri=/lunchroulette/ws-messaging/jens]
2018-08-31 08:51:20.687 DEBUG 2132 --- [o-auto-1-exec-4] o.s.w.f.CommonsRequestLoggingFilter      : REQUEST DATA : uri=/lunchroulette/ws-messaging/jens]
Client opening websocket
Client received: Message(from=server, to=jens, content=Hello World, jens!)
Server received message Message(from=jens, to=server, content=Ich bin's!)
Client received: Message(from=server, to=jens, content=Thank you, jens!)
[INFO] Tests run: 1, Failures: 0, Errors: 0, Skipped: 0, Time elapsed: 0.67 s - in de.akquinet.ccsp.lunch.websocket.MessagingTest
[INFO] Running de.akquinet.ccsp.lunch.LocationValidationTest
[INFO] Tests run: 5, Failures: 0, Errors: 0, Skipped: 0, Time elapsed: 0.092 s - in de.akquinet.ccsp.lunch.LocationValidationTest
[INFO] Running de.akquinet.ccsp.lunch.LocationRepositoryTest
2018-08-31 08:51:21.419 ERROR 2132 --- [           main] o.h.i.ExceptionMapperStandardImpl        : HHH000346: Error during managed flush [Validation failed for classes [de.akquinet.ccsp.lunch.data.Location] during persist time for groups [javax.validation.groups.Default, ]
List of constraint violations:[
	ConstraintViolationImpl{interpolatedMessage='darf nicht leer sein', propertyPath=name, rootBeanClass=class de.akquinet.ccsp.lunch.data.Location, messageTemplate='{javax.validation.constraints.NotBlank.message}'}
]]
[INFO] Tests run: 5, Failures: 0, Errors: 0, Skipped: 0, Time elapsed: 0.133 s - in de.akquinet.ccsp.lunch.LocationRepositoryTest
[INFO] Running de.akquinet.ccsp.lunch.LocationControllerTest
2018-08-31 08:51:21.519 DEBUG 2132 --- [o-auto-1-exec-6] o.s.w.f.CommonsRequestLoggingFilter      : Before request [uri=/lunchroulette/rest/locations/store]
2018-08-31 08:51:21.573 DEBUG 2132 --- [o-auto-1-exec-6] o.s.w.f.CommonsRequestLoggingFilter      : REQUEST DATA : uri=/lunchroulette/rest/locations/store;payload={"id":0,"name":"McDonalds","style":"Unbekannt","aliases":[],"address":{"streetName":"Bülowstr.","streetNumber":"66","plz":"10783","city":"Berlin","telephoneNumber":""},"averageDuration":"PT30M","rating":2}]
2018-08-31 08:51:21.584 DEBUG 2132 --- [o-auto-1-exec-7] o.s.w.f.CommonsRequestLoggingFilter      : Before request [uri=/lunchroulette/rest/locations/McDonalds]
2018-08-31 08:51:21.601 DEBUG 2132 --- [o-auto-1-exec-7] o.s.w.f.CommonsRequestLoggingFilter      : REQUEST DATA : uri=/lunchroulette/rest/locations/McDonalds]
2018-08-31 08:51:21.608 DEBUG 2132 --- [o-auto-1-exec-8] o.s.w.f.CommonsRequestLoggingFilter      : Before request [uri=/lunchroulette/rest/locations/store]
2018-08-31 08:51:21.614 ERROR 2132 --- [o-auto-1-exec-8] c.l.r.RestResponseEntityExceptionHandler : Invalid store request

de.akquinet.ccsp.lunch.rest.InvalidStoreRequest: address.city: darf nicht leer sein
	at de.akquinet.ccsp.lunch.controller.AbstractController$Companion.check(AbstractController.kt:36) ~[classes/:na]
	at de.akquinet.ccsp.lunch.controller.AbstractController$Companion.access$check(AbstractController.kt:33) ~[classes/:na]
	at de.akquinet.ccsp.lunch.controller.AbstractController.store(AbstractController.kt:28) ~[classes/:na]
	at sun.reflect.NativeMethodAccessorImpl.invoke0(Native Method) ~[na:1.8.0_172]
	at sun.reflect.NativeMethodAccessorImpl.invoke(NativeMethodAccessorImpl.java:62) ~[na:1.8.0_172]
	at sun.reflect.DelegatingMethodAccessorImpl.invoke(DelegatingMethodAccessorImpl.java:43) ~[na:1.8.0_172]
	at java.lang.reflect.Method.invoke(Method.java:498) ~[na:1.8.0_172]
	at org.springframework.web.method.support.InvocableHandlerMethod.doInvoke(InvocableHandlerMethod.java:209) ~[spring-web-5.0.7.RELEASE.jar:5.0.7.RELEASE]
	at org.springframework.web.method.support.InvocableHandlerMethod.invokeForRequest(InvocableHandlerMethod.java:136) ~[spring-web-5.0.7.RELEASE.jar:5.0.7.RELEASE]
	at org.springframework.web.servlet.mvc.method.annotation.ServletInvocableHandlerMethod.invokeAndHandle(ServletInvocableHandlerMethod.java:102) ~[spring-webmvc-5.0.7.RELEASE.jar:5.0.7.RELEASE]
	at org.springframework.web.servlet.mvc.method.annotation.RequestMappingHandlerAdapter.invokeHandlerMethod(RequestMappingHandlerAdapter.java:877) ~[spring-webmvc-5.0.7.RELEASE.jar:5.0.7.RELEASE]
	at org.springframework.web.servlet.mvc.method.annotation.RequestMappingHandlerAdapter.handleInternal(RequestMappingHandlerAdapter.java:783) ~[spring-webmvc-5.0.7.RELEASE.jar:5.0.7.RELEASE]
	at org.springframework.web.servlet.mvc.method.AbstractHandlerMethodAdapter.handle(AbstractHandlerMethodAdapter.java:87) ~[spring-webmvc-5.0.7.RELEASE.jar:5.0.7.RELEASE]
	at org.springframework.web.servlet.DispatcherServlet.doDispatch(DispatcherServlet.java:991) ~[spring-webmvc-5.0.7.RELEASE.jar:5.0.7.RELEASE]
	at org.springframework.web.servlet.DispatcherServlet.doService(DispatcherServlet.java:925) ~[spring-webmvc-5.0.7.RELEASE.jar:5.0.7.RELEASE]
	at org.springframework.web.servlet.FrameworkServlet.processRequest(FrameworkServlet.java:974) [spring-webmvc-5.0.7.RELEASE.jar:5.0.7.RELEASE]
	at org.springframework.web.servlet.FrameworkServlet.doPost(FrameworkServlet.java:877) [spring-webmvc-5.0.7.RELEASE.jar:5.0.7.RELEASE]
	at javax.servlet.http.HttpServlet.service(HttpServlet.java:661) [tomcat-embed-core-8.5.31.jar:8.5.31]
	at org.springframework.web.servlet.FrameworkServlet.service(FrameworkServlet.java:851) [spring-webmvc-5.0.7.RELEASE.jar:5.0.7.RELEASE]
	at javax.servlet.http.HttpServlet.service(HttpServlet.java:742) [tomcat-embed-core-8.5.31.jar:8.5.31]
	at org.apache.catalina.core.ApplicationFilterChain.internalDoFilter(ApplicationFilterChain.java:231) [tomcat-embed-core-8.5.31.jar:8.5.31]
	at org.apache.catalina.core.ApplicationFilterChain.doFilter(ApplicationFilterChain.java:166) [tomcat-embed-core-8.5.31.jar:8.5.31]
	at org.apache.tomcat.websocket.server.WsFilter.doFilter(WsFilter.java:52) [tomcat-embed-websocket-8.5.31.jar:8.5.31]
	at org.apache.catalina.core.ApplicationFilterChain.internalDoFilter(ApplicationFilterChain.java:193) [tomcat-embed-core-8.5.31.jar:8.5.31]
	at org.apache.catalina.core.ApplicationFilterChain.doFilter(ApplicationFilterChain.java:166) [tomcat-embed-core-8.5.31.jar:8.5.31]
	at org.springframework.web.filter.AbstractRequestLoggingFilter.doFilterInternal(AbstractRequestLoggingFilter.java:246) [spring-web-5.0.7.RELEASE.jar:5.0.7.RELEASE]
	at org.springframework.web.filter.OncePerRequestFilter.doFilter(OncePerRequestFilter.java:107) [spring-web-5.0.7.RELEASE.jar:5.0.7.RELEASE]
	at org.apache.catalina.core.ApplicationFilterChain.internalDoFilter(ApplicationFilterChain.java:193) [tomcat-embed-core-8.5.31.jar:8.5.31]
	at org.apache.catalina.core.ApplicationFilterChain.doFilter(ApplicationFilterChain.java:166) [tomcat-embed-core-8.5.31.jar:8.5.31]
	at org.springframework.web.filter.RequestContextFilter.doFilterInternal(RequestContextFilter.java:99) [spring-web-5.0.7.RELEASE.jar:5.0.7.RELEASE]
	at org.springframework.web.filter.OncePerRequestFilter.doFilter(OncePerRequestFilter.java:107) [spring-web-5.0.7.RELEASE.jar:5.0.7.RELEASE]
	at org.apache.catalina.core.ApplicationFilterChain.internalDoFilter(ApplicationFilterChain.java:193) [tomcat-embed-core-8.5.31.jar:8.5.31]
	at org.apache.catalina.core.ApplicationFilterChain.doFilter(ApplicationFilterChain.java:166) [tomcat-embed-core-8.5.31.jar:8.5.31]
	at org.springframework.web.filter.HttpPutFormContentFilter.doFilterInternal(HttpPutFormContentFilter.java:109) [spring-web-5.0.7.RELEASE.jar:5.0.7.RELEASE]
	at org.springframework.web.filter.OncePerRequestFilter.doFilter(OncePerRequestFilter.java:107) [spring-web-5.0.7.RELEASE.jar:5.0.7.RELEASE]
	at org.apache.catalina.core.ApplicationFilterChain.internalDoFilter(ApplicationFilterChain.java:193) [tomcat-embed-core-8.5.31.jar:8.5.31]
	at org.apache.catalina.core.ApplicationFilterChain.doFilter(ApplicationFilterChain.java:166) [tomcat-embed-core-8.5.31.jar:8.5.31]
	at org.springframework.web.filter.HiddenHttpMethodFilter.doFilterInternal(HiddenHttpMethodFilter.java:93) [spring-web-5.0.7.RELEASE.jar:5.0.7.RELEASE]
	at org.springframework.web.filter.OncePerRequestFilter.doFilter(OncePerRequestFilter.java:107) [spring-web-5.0.7.RELEASE.jar:5.0.7.RELEASE]
	at org.apache.catalina.core.ApplicationFilterChain.internalDoFilter(ApplicationFilterChain.java:193) [tomcat-embed-core-8.5.31.jar:8.5.31]
	at org.apache.catalina.core.ApplicationFilterChain.doFilter(ApplicationFilterChain.java:166) [tomcat-embed-core-8.5.31.jar:8.5.31]
	at org.springframework.web.filter.CharacterEncodingFilter.doFilterInternal(CharacterEncodingFilter.java:200) [spring-web-5.0.7.RELEASE.jar:5.0.7.RELEASE]
	at org.springframework.web.filter.OncePerRequestFilter.doFilter(OncePerRequestFilter.java:107) [spring-web-5.0.7.RELEASE.jar:5.0.7.RELEASE]
	at org.apache.catalina.core.ApplicationFilterChain.internalDoFilter(ApplicationFilterChain.java:193) [tomcat-embed-core-8.5.31.jar:8.5.31]
	at org.apache.catalina.core.ApplicationFilterChain.doFilter(ApplicationFilterChain.java:166) [tomcat-embed-core-8.5.31.jar:8.5.31]
	at org.apache.catalina.core.StandardWrapperValve.invoke(StandardWrapperValve.java:198) [tomcat-embed-core-8.5.31.jar:8.5.31]
	at org.apache.catalina.core.StandardContextValve.invoke(StandardContextValve.java:96) [tomcat-embed-core-8.5.31.jar:8.5.31]
	at org.apache.catalina.authenticator.AuthenticatorBase.invoke(AuthenticatorBase.java:496) [tomcat-embed-core-8.5.31.jar:8.5.31]
	at org.apache.catalina.core.StandardHostValve.invoke(StandardHostValve.java:140) [tomcat-embed-core-8.5.31.jar:8.5.31]
	at org.apache.catalina.valves.ErrorReportValve.invoke(ErrorReportValve.java:81) [tomcat-embed-core-8.5.31.jar:8.5.31]
	at org.apache.catalina.core.StandardEngineValve.invoke(StandardEngineValve.java:87) [tomcat-embed-core-8.5.31.jar:8.5.31]
	at org.apache.catalina.connector.CoyoteAdapter.service(CoyoteAdapter.java:342) [tomcat-embed-core-8.5.31.jar:8.5.31]
	at org.apache.coyote.http11.Http11Processor.service(Http11Processor.java:803) [tomcat-embed-core-8.5.31.jar:8.5.31]
	at org.apache.coyote.AbstractProcessorLight.process(AbstractProcessorLight.java:66) [tomcat-embed-core-8.5.31.jar:8.5.31]
	at org.apache.coyote.AbstractProtocol$ConnectionHandler.process(AbstractProtocol.java:790) [tomcat-embed-core-8.5.31.jar:8.5.31]
	at org.apache.tomcat.util.net.NioEndpoint$SocketProcessor.doRun(NioEndpoint.java:1468) [tomcat-embed-core-8.5.31.jar:8.5.31]
	at org.apache.tomcat.util.net.SocketProcessorBase.run(SocketProcessorBase.java:49) [tomcat-embed-core-8.5.31.jar:8.5.31]
	at java.util.concurrent.ThreadPoolExecutor.runWorker(ThreadPoolExecutor.java:1149) [na:1.8.0_172]
	at java.util.concurrent.ThreadPoolExecutor$Worker.run(ThreadPoolExecutor.java:624) [na:1.8.0_172]
	at org.apache.tomcat.util.threads.TaskThread$WrappingRunnable.run(TaskThread.java:61) [tomcat-embed-core-8.5.31.jar:8.5.31]
	at java.lang.Thread.run(Thread.java:748) [na:1.8.0_172]

2018-08-31 08:51:21.616 DEBUG 2132 --- [o-auto-1-exec-8] o.s.w.f.CommonsRequestLoggingFilter      : REQUEST DATA : uri=/lunchroulette/rest/locations/store;payload={"id":0,"name":"Thanh Hno","style":"Unbekannt","aliases":[],"address":{"streetName":"Potsdamer Straße","streetNumber":"122","plz":"10783","city":" ","telephoneNumber":""},"averageDuration":"PT30M","rating":2}]
2018-08-31 08:51:21.629 DEBUG 2132 --- [o-auto-1-exec-9] o.s.w.f.CommonsRequestLoggingFilter      : Before request [uri=/lunchroulette/rest/locations/store]
2018-08-31 08:51:21.635 ERROR 2132 --- [o-auto-1-exec-9] c.l.r.RestResponseEntityExceptionHandler : Invalid store request

de.akquinet.ccsp.lunch.rest.InvalidStoreRequest: address.plz: muss auf Ausdruck "\d{5}" passen
	at de.akquinet.ccsp.lunch.controller.AbstractController$Companion.check(AbstractController.kt:36) ~[classes/:na]
	at de.akquinet.ccsp.lunch.controller.AbstractController$Companion.access$check(AbstractController.kt:33) ~[classes/:na]
	at de.akquinet.ccsp.lunch.controller.AbstractController.store(AbstractController.kt:28) ~[classes/:na]
	at sun.reflect.NativeMethodAccessorImpl.invoke0(Native Method) ~[na:1.8.0_172]
	at sun.reflect.NativeMethodAccessorImpl.invoke(NativeMethodAccessorImpl.java:62) ~[na:1.8.0_172]
	at sun.reflect.DelegatingMethodAccessorImpl.invoke(DelegatingMethodAccessorImpl.java:43) ~[na:1.8.0_172]
	at java.lang.reflect.Method.invoke(Method.java:498) ~[na:1.8.0_172]
	at org.springframework.web.method.support.InvocableHandlerMethod.doInvoke(InvocableHandlerMethod.java:209) ~[spring-web-5.0.7.RELEASE.jar:5.0.7.RELEASE]
	at org.springframework.web.method.support.InvocableHandlerMethod.invokeForRequest(InvocableHandlerMethod.java:136) ~[spring-web-5.0.7.RELEASE.jar:5.0.7.RELEASE]
	at org.springframework.web.servlet.mvc.method.annotation.ServletInvocableHandlerMethod.invokeAndHandle(ServletInvocableHandlerMethod.java:102) ~[spring-webmvc-5.0.7.RELEASE.jar:5.0.7.RELEASE]
	at org.springframework.web.servlet.mvc.method.annotation.RequestMappingHandlerAdapter.invokeHandlerMethod(RequestMappingHandlerAdapter.java:877) ~[spring-webmvc-5.0.7.RELEASE.jar:5.0.7.RELEASE]
	at org.springframework.web.servlet.mvc.method.annotation.RequestMappingHandlerAdapter.handleInternal(RequestMappingHandlerAdapter.java:783) ~[spring-webmvc-5.0.7.RELEASE.jar:5.0.7.RELEASE]
	at org.springframework.web.servlet.mvc.method.AbstractHandlerMethodAdapter.handle(AbstractHandlerMethodAdapter.java:87) ~[spring-webmvc-5.0.7.RELEASE.jar:5.0.7.RELEASE]
	at org.springframework.web.servlet.DispatcherServlet.doDispatch(DispatcherServlet.java:991) ~[spring-webmvc-5.0.7.RELEASE.jar:5.0.7.RELEASE]
	at org.springframework.web.servlet.DispatcherServlet.doService(DispatcherServlet.java:925) ~[spring-webmvc-5.0.7.RELEASE.jar:5.0.7.RELEASE]
	at org.springframework.web.servlet.FrameworkServlet.processRequest(FrameworkServlet.java:974) [spring-webmvc-5.0.7.RELEASE.jar:5.0.7.RELEASE]
	at org.springframework.web.servlet.FrameworkServlet.doPost(FrameworkServlet.java:877) [spring-webmvc-5.0.7.RELEASE.jar:5.0.7.RELEASE]
	at javax.servlet.http.HttpServlet.service(HttpServlet.java:661) [tomcat-embed-core-8.5.31.jar:8.5.31]
	at org.springframework.web.servlet.FrameworkServlet.service(FrameworkServlet.java:851) [spring-webmvc-5.0.7.RELEASE.jar:5.0.7.RELEASE]
	at javax.servlet.http.HttpServlet.service(HttpServlet.java:742) [tomcat-embed-core-8.5.31.jar:8.5.31]
	at org.apache.catalina.core.ApplicationFilterChain.internalDoFilter(ApplicationFilterChain.java:231) [tomcat-embed-core-8.5.31.jar:8.5.31]
	at org.apache.catalina.core.ApplicationFilterChain.doFilter(ApplicationFilterChain.java:166) [tomcat-embed-core-8.5.31.jar:8.5.31]
	at org.apache.tomcat.websocket.server.WsFilter.doFilter(WsFilter.java:52) [tomcat-embed-websocket-8.5.31.jar:8.5.31]
	at org.apache.catalina.core.ApplicationFilterChain.internalDoFilter(ApplicationFilterChain.java:193) [tomcat-embed-core-8.5.31.jar:8.5.31]
	at org.apache.catalina.core.ApplicationFilterChain.doFilter(ApplicationFilterChain.java:166) [tomcat-embed-core-8.5.31.jar:8.5.31]
	at org.springframework.web.filter.AbstractRequestLoggingFilter.doFilterInternal(AbstractRequestLoggingFilter.java:246) [spring-web-5.0.7.RELEASE.jar:5.0.7.RELEASE]
	at org.springframework.web.filter.OncePerRequestFilter.doFilter(OncePerRequestFilter.java:107) [spring-web-5.0.7.RELEASE.jar:5.0.7.RELEASE]
	at org.apache.catalina.core.ApplicationFilterChain.internalDoFilter(ApplicationFilterChain.java:193) [tomcat-embed-core-8.5.31.jar:8.5.31]
	at org.apache.catalina.core.ApplicationFilterChain.doFilter(ApplicationFilterChain.java:166) [tomcat-embed-core-8.5.31.jar:8.5.31]
	at org.springframework.web.filter.RequestContextFilter.doFilterInternal(RequestContextFilter.java:99) [spring-web-5.0.7.RELEASE.jar:5.0.7.RELEASE]
	at org.springframework.web.filter.OncePerRequestFilter.doFilter(OncePerRequestFilter.java:107) [spring-web-5.0.7.RELEASE.jar:5.0.7.RELEASE]
	at org.apache.catalina.core.ApplicationFilterChain.internalDoFilter(ApplicationFilterChain.java:193) [tomcat-embed-core-8.5.31.jar:8.5.31]
	at org.apache.catalina.core.ApplicationFilterChain.doFilter(ApplicationFilterChain.java:166) [tomcat-embed-core-8.5.31.jar:8.5.31]
	at org.springframework.web.filter.HttpPutFormContentFilter.doFilterInternal(HttpPutFormContentFilter.java:109) [spring-web-5.0.7.RELEASE.jar:5.0.7.RELEASE]
	at org.springframework.web.filter.OncePerRequestFilter.doFilter(OncePerRequestFilter.java:107) [spring-web-5.0.7.RELEASE.jar:5.0.7.RELEASE]
	at org.apache.catalina.core.ApplicationFilterChain.internalDoFilter(ApplicationFilterChain.java:193) [tomcat-embed-core-8.5.31.jar:8.5.31]
	at org.apache.catalina.core.ApplicationFilterChain.doFilter(ApplicationFilterChain.java:166) [tomcat-embed-core-8.5.31.jar:8.5.31]
	at org.springframework.web.filter.HiddenHttpMethodFilter.doFilterInternal(HiddenHttpMethodFilter.java:93) [spring-web-5.0.7.RELEASE.jar:5.0.7.RELEASE]
	at org.springframework.web.filter.OncePerRequestFilter.doFilter(OncePerRequestFilter.java:107) [spring-web-5.0.7.RELEASE.jar:5.0.7.RELEASE]
	at org.apache.catalina.core.ApplicationFilterChain.internalDoFilter(ApplicationFilterChain.java:193) [tomcat-embed-core-8.5.31.jar:8.5.31]
	at org.apache.catalina.core.ApplicationFilterChain.doFilter(ApplicationFilterChain.java:166) [tomcat-embed-core-8.5.31.jar:8.5.31]
	at org.springframework.web.filter.CharacterEncodingFilter.doFilterInternal(CharacterEncodingFilter.java:200) [spring-web-5.0.7.RELEASE.jar:5.0.7.RELEASE]
	at org.springframework.web.filter.OncePerRequestFilter.doFilter(OncePerRequestFilter.java:107) [spring-web-5.0.7.RELEASE.jar:5.0.7.RELEASE]
	at org.apache.catalina.core.ApplicationFilterChain.internalDoFilter(ApplicationFilterChain.java:193) [tomcat-embed-core-8.5.31.jar:8.5.31]
	at org.apache.catalina.core.ApplicationFilterChain.doFilter(ApplicationFilterChain.java:166) [tomcat-embed-core-8.5.31.jar:8.5.31]
	at org.apache.catalina.core.StandardWrapperValve.invoke(StandardWrapperValve.java:198) [tomcat-embed-core-8.5.31.jar:8.5.31]
	at org.apache.catalina.core.StandardContextValve.invoke(StandardContextValve.java:96) [tomcat-embed-core-8.5.31.jar:8.5.31]
	at org.apache.catalina.authenticator.AuthenticatorBase.invoke(AuthenticatorBase.java:496) [tomcat-embed-core-8.5.31.jar:8.5.31]
	at org.apache.catalina.core.StandardHostValve.invoke(StandardHostValve.java:140) [tomcat-embed-core-8.5.31.jar:8.5.31]
	at org.apache.catalina.valves.ErrorReportValve.invoke(ErrorReportValve.java:81) [tomcat-embed-core-8.5.31.jar:8.5.31]
	at org.apache.catalina.core.StandardEngineValve.invoke(StandardEngineValve.java:87) [tomcat-embed-core-8.5.31.jar:8.5.31]
	at org.apache.catalina.connector.CoyoteAdapter.service(CoyoteAdapter.java:342) [tomcat-embed-core-8.5.31.jar:8.5.31]
	at org.apache.coyote.http11.Http11Processor.service(Http11Processor.java:803) [tomcat-embed-core-8.5.31.jar:8.5.31]
	at org.apache.coyote.AbstractProcessorLight.process(AbstractProcessorLight.java:66) [tomcat-embed-core-8.5.31.jar:8.5.31]
	at org.apache.coyote.AbstractProtocol$ConnectionHandler.process(AbstractProtocol.java:790) [tomcat-embed-core-8.5.31.jar:8.5.31]
	at org.apache.tomcat.util.net.NioEndpoint$SocketProcessor.doRun(NioEndpoint.java:1468) [tomcat-embed-core-8.5.31.jar:8.5.31]
	at org.apache.tomcat.util.net.SocketProcessorBase.run(SocketProcessorBase.java:49) [tomcat-embed-core-8.5.31.jar:8.5.31]
	at java.util.concurrent.ThreadPoolExecutor.runWorker(ThreadPoolExecutor.java:1149) [na:1.8.0_172]
	at java.util.concurrent.ThreadPoolExecutor$Worker.run(ThreadPoolExecutor.java:624) [na:1.8.0_172]
	at org.apache.tomcat.util.threads.TaskThread$WrappingRunnable.run(TaskThread.java:61) [tomcat-embed-core-8.5.31.jar:8.5.31]
	at java.lang.Thread.run(Thread.java:748) [na:1.8.0_172]

2018-08-31 08:51:21.637 DEBUG 2132 --- [o-auto-1-exec-9] o.s.w.f.CommonsRequestLoggingFilter      : REQUEST DATA : uri=/lunchroulette/rest/locations/store;payload={"id":0,"name":"Thanh Hno","style":"Unbekannt","aliases":[],"address":{"streetName":"Potsdamer Straße","streetNumber":"122","plz":"783","city":"Berlin","telephoneNumber":""},"averageDuration":"PT30M","rating":2}]
2018-08-31 08:51:21.647 DEBUG 2132 --- [-auto-1-exec-10] o.s.w.f.CommonsRequestLoggingFilter      : Before request [uri=/lunchroulette/rest/locations/BurgerKing]
2018-08-31 08:51:21.653  WARN 2132 --- [-auto-1-exec-10] c.l.r.RestResponseEntityExceptionHandler : No data

org.springframework.dao.EmptyResultDataAccessException: Result must not be null!
	at org.springframework.data.repository.core.support.MethodInvocationValidator.invoke(MethodInvocationValidator.java:102) ~[spring-data-commons-2.0.8.RELEASE.jar:2.0.8.RELEASE]
	at org.springframework.aop.framework.ReflectiveMethodInvocation.proceed(ReflectiveMethodInvocation.java:185) ~[spring-aop-5.0.7.RELEASE.jar:5.0.7.RELEASE]
	at org.springframework.aop.framework.JdkDynamicAopProxy.invoke(JdkDynamicAopProxy.java:212) ~[spring-aop-5.0.7.RELEASE.jar:5.0.7.RELEASE]
	at com.sun.proxy.$Proxy117.findByName(Unknown Source) ~[na:na]
	at de.akquinet.ccsp.lunch.controller.AbstractController.findByName(AbstractController.kt:24) ~[classes/:na]
	at sun.reflect.NativeMethodAccessorImpl.invoke0(Native Method) ~[na:1.8.0_172]
	at sun.reflect.NativeMethodAccessorImpl.invoke(NativeMethodAccessorImpl.java:62) ~[na:1.8.0_172]
	at sun.reflect.DelegatingMethodAccessorImpl.invoke(DelegatingMethodAccessorImpl.java:43) ~[na:1.8.0_172]
	at java.lang.reflect.Method.invoke(Method.java:498) ~[na:1.8.0_172]
	at org.springframework.web.method.support.InvocableHandlerMethod.doInvoke(InvocableHandlerMethod.java:209) ~[spring-web-5.0.7.RELEASE.jar:5.0.7.RELEASE]
	at org.springframework.web.method.support.InvocableHandlerMethod.invokeForRequest(InvocableHandlerMethod.java:136) ~[spring-web-5.0.7.RELEASE.jar:5.0.7.RELEASE]
	at org.springframework.web.servlet.mvc.method.annotation.ServletInvocableHandlerMethod.invokeAndHandle(ServletInvocableHandlerMethod.java:102) ~[spring-webmvc-5.0.7.RELEASE.jar:5.0.7.RELEASE]
	at org.springframework.web.servlet.mvc.method.annotation.RequestMappingHandlerAdapter.invokeHandlerMethod(RequestMappingHandlerAdapter.java:877) ~[spring-webmvc-5.0.7.RELEASE.jar:5.0.7.RELEASE]
	at org.springframework.web.servlet.mvc.method.annotation.RequestMappingHandlerAdapter.handleInternal(RequestMappingHandlerAdapter.java:783) ~[spring-webmvc-5.0.7.RELEASE.jar:5.0.7.RELEASE]
	at org.springframework.web.servlet.mvc.method.AbstractHandlerMethodAdapter.handle(AbstractHandlerMethodAdapter.java:87) ~[spring-webmvc-5.0.7.RELEASE.jar:5.0.7.RELEASE]
	at org.springframework.web.servlet.DispatcherServlet.doDispatch(DispatcherServlet.java:991) ~[spring-webmvc-5.0.7.RELEASE.jar:5.0.7.RELEASE]
	at org.springframework.web.servlet.DispatcherServlet.doService(DispatcherServlet.java:925) ~[spring-webmvc-5.0.7.RELEASE.jar:5.0.7.RELEASE]
	at org.springframework.web.servlet.FrameworkServlet.processRequest(FrameworkServlet.java:974) [spring-webmvc-5.0.7.RELEASE.jar:5.0.7.RELEASE]
	at org.springframework.web.servlet.FrameworkServlet.doGet(FrameworkServlet.java:866) [spring-webmvc-5.0.7.RELEASE.jar:5.0.7.RELEASE]
	at javax.servlet.http.HttpServlet.service(HttpServlet.java:635) [tomcat-embed-core-8.5.31.jar:8.5.31]
	at org.springframework.web.servlet.FrameworkServlet.service(FrameworkServlet.java:851) [spring-webmvc-5.0.7.RELEASE.jar:5.0.7.RELEASE]
	at javax.servlet.http.HttpServlet.service(HttpServlet.java:742) [tomcat-embed-core-8.5.31.jar:8.5.31]
	at org.apache.catalina.core.ApplicationFilterChain.internalDoFilter(ApplicationFilterChain.java:231) [tomcat-embed-core-8.5.31.jar:8.5.31]
	at org.apache.catalina.core.ApplicationFilterChain.doFilter(ApplicationFilterChain.java:166) [tomcat-embed-core-8.5.31.jar:8.5.31]
	at org.apache.tomcat.websocket.server.WsFilter.doFilter(WsFilter.java:52) [tomcat-embed-websocket-8.5.31.jar:8.5.31]
	at org.apache.catalina.core.ApplicationFilterChain.internalDoFilter(ApplicationFilterChain.java:193) [tomcat-embed-core-8.5.31.jar:8.5.31]
	at org.apache.catalina.core.ApplicationFilterChain.doFilter(ApplicationFilterChain.java:166) [tomcat-embed-core-8.5.31.jar:8.5.31]
	at org.springframework.web.filter.AbstractRequestLoggingFilter.doFilterInternal(AbstractRequestLoggingFilter.java:246) [spring-web-5.0.7.RELEASE.jar:5.0.7.RELEASE]
	at org.springframework.web.filter.OncePerRequestFilter.doFilter(OncePerRequestFilter.java:107) [spring-web-5.0.7.RELEASE.jar:5.0.7.RELEASE]
	at org.apache.catalina.core.ApplicationFilterChain.internalDoFilter(ApplicationFilterChain.java:193) [tomcat-embed-core-8.5.31.jar:8.5.31]
	at org.apache.catalina.core.ApplicationFilterChain.doFilter(ApplicationFilterChain.java:166) [tomcat-embed-core-8.5.31.jar:8.5.31]
	at org.springframework.web.filter.RequestContextFilter.doFilterInternal(RequestContextFilter.java:99) [spring-web-5.0.7.RELEASE.jar:5.0.7.RELEASE]
	at org.springframework.web.filter.OncePerRequestFilter.doFilter(OncePerRequestFilter.java:107) [spring-web-5.0.7.RELEASE.jar:5.0.7.RELEASE]
	at org.apache.catalina.core.ApplicationFilterChain.internalDoFilter(ApplicationFilterChain.java:193) [tomcat-embed-core-8.5.31.jar:8.5.31]
	at org.apache.catalina.core.ApplicationFilterChain.doFilter(ApplicationFilterChain.java:166) [tomcat-embed-core-8.5.31.jar:8.5.31]
	at org.springframework.web.filter.HttpPutFormContentFilter.doFilterInternal(HttpPutFormContentFilter.java:109) [spring-web-5.0.7.RELEASE.jar:5.0.7.RELEASE]
	at org.springframework.web.filter.OncePerRequestFilter.doFilter(OncePerRequestFilter.java:107) [spring-web-5.0.7.RELEASE.jar:5.0.7.RELEASE]
	at org.apache.catalina.core.ApplicationFilterChain.internalDoFilter(ApplicationFilterChain.java:193) [tomcat-embed-core-8.5.31.jar:8.5.31]
	at org.apache.catalina.core.ApplicationFilterChain.doFilter(ApplicationFilterChain.java:166) [tomcat-embed-core-8.5.31.jar:8.5.31]
	at org.springframework.web.filter.HiddenHttpMethodFilter.doFilterInternal(HiddenHttpMethodFilter.java:93) [spring-web-5.0.7.RELEASE.jar:5.0.7.RELEASE]
	at org.springframework.web.filter.OncePerRequestFilter.doFilter(OncePerRequestFilter.java:107) [spring-web-5.0.7.RELEASE.jar:5.0.7.RELEASE]
	at org.apache.catalina.core.ApplicationFilterChain.internalDoFilter(ApplicationFilterChain.java:193) [tomcat-embed-core-8.5.31.jar:8.5.31]
	at org.apache.catalina.core.ApplicationFilterChain.doFilter(ApplicationFilterChain.java:166) [tomcat-embed-core-8.5.31.jar:8.5.31]
	at org.springframework.web.filter.CharacterEncodingFilter.doFilterInternal(CharacterEncodingFilter.java:200) [spring-web-5.0.7.RELEASE.jar:5.0.7.RELEASE]
	at org.springframework.web.filter.OncePerRequestFilter.doFilter(OncePerRequestFilter.java:107) [spring-web-5.0.7.RELEASE.jar:5.0.7.RELEASE]
	at org.apache.catalina.core.ApplicationFilterChain.internalDoFilter(ApplicationFilterChain.java:193) [tomcat-embed-core-8.5.31.jar:8.5.31]
	at org.apache.catalina.core.ApplicationFilterChain.doFilter(ApplicationFilterChain.java:166) [tomcat-embed-core-8.5.31.jar:8.5.31]
	at org.apache.catalina.core.StandardWrapperValve.invoke(StandardWrapperValve.java:198) [tomcat-embed-core-8.5.31.jar:8.5.31]
	at org.apache.catalina.core.StandardContextValve.invoke(StandardContextValve.java:96) [tomcat-embed-core-8.5.31.jar:8.5.31]
	at org.apache.catalina.authenticator.AuthenticatorBase.invoke(AuthenticatorBase.java:496) [tomcat-embed-core-8.5.31.jar:8.5.31]
	at org.apache.catalina.core.StandardHostValve.invoke(StandardHostValve.java:140) [tomcat-embed-core-8.5.31.jar:8.5.31]
	at org.apache.catalina.valves.ErrorReportValve.invoke(ErrorReportValve.java:81) [tomcat-embed-core-8.5.31.jar:8.5.31]
	at org.apache.catalina.core.StandardEngineValve.invoke(StandardEngineValve.java:87) [tomcat-embed-core-8.5.31.jar:8.5.31]
	at org.apache.catalina.connector.CoyoteAdapter.service(CoyoteAdapter.java:342) [tomcat-embed-core-8.5.31.jar:8.5.31]
	at org.apache.coyote.http11.Http11Processor.service(Http11Processor.java:803) [tomcat-embed-core-8.5.31.jar:8.5.31]
	at org.apache.coyote.AbstractProcessorLight.process(AbstractProcessorLight.java:66) [tomcat-embed-core-8.5.31.jar:8.5.31]
	at org.apache.coyote.AbstractProtocol$ConnectionHandler.process(AbstractProtocol.java:790) [tomcat-embed-core-8.5.31.jar:8.5.31]
	at org.apache.tomcat.util.net.NioEndpoint$SocketProcessor.doRun(NioEndpoint.java:1468) [tomcat-embed-core-8.5.31.jar:8.5.31]
	at org.apache.tomcat.util.net.SocketProcessorBase.run(SocketProcessorBase.java:49) [tomcat-embed-core-8.5.31.jar:8.5.31]
	at java.util.concurrent.ThreadPoolExecutor.runWorker(ThreadPoolExecutor.java:1149) [na:1.8.0_172]
	at java.util.concurrent.ThreadPoolExecutor$Worker.run(ThreadPoolExecutor.java:624) [na:1.8.0_172]
	at org.apache.tomcat.util.threads.TaskThread$WrappingRunnable.run(TaskThread.java:61) [tomcat-embed-core-8.5.31.jar:8.5.31]
	at java.lang.Thread.run(Thread.java:748) [na:1.8.0_172]

2018-08-31 08:51:21.655 DEBUG 2132 --- [-auto-1-exec-10] o.s.w.f.CommonsRequestLoggingFilter      : REQUEST DATA : uri=/lunchroulette/rest/locations/BurgerKing]
[INFO] Tests run: 4, Failures: 0, Errors: 0, Skipped: 0, Time elapsed: 0.179 s - in de.akquinet.ccsp.lunch.LocationControllerTest
[INFO] Running de.akquinet.ccsp.lunch.UserValidationTest
[INFO] Tests run: 1, Failures: 0, Errors: 0, Skipped: 0, Time elapsed: 0.006 s - in de.akquinet.ccsp.lunch.UserValidationTest
[INFO] Running de.akquinet.ccsp.lunch.UserRepositoryTest
[INFO] Tests run: 1, Failures: 0, Errors: 0, Skipped: 0, Time elapsed: 0.018 s - in de.akquinet.ccsp.lunch.UserRepositoryTest
[INFO] Running de.akquinet.ccsp.lunch.CommunityControllerTest
2018-08-31 08:51:21.709 DEBUG 2132 --- [o-auto-1-exec-1] o.s.w.f.CommonsRequestLoggingFilter      : Before request [uri=/lunchroulette/rest/users/store]
2018-08-31 08:51:21.717 DEBUG 2132 --- [o-auto-1-exec-1] o.s.w.f.CommonsRequestLoggingFilter      : REQUEST DATA : uri=/lunchroulette/rest/users/store;payload={"name":"Ganter","email":"sarah.ganter@akquinet.de","id":0}]
2018-08-31 08:51:21.720 DEBUG 2132 --- [o-auto-1-exec-2] o.s.w.f.CommonsRequestLoggingFilter      : Before request [uri=/lunchroulette/rest/users/Ganter]
2018-08-31 08:51:21.725 DEBUG 2132 --- [o-auto-1-exec-2] o.s.w.f.CommonsRequestLoggingFilter      : REQUEST DATA : uri=/lunchroulette/rest/users/Ganter]
[INFO] Tests run: 1, Failures: 0, Errors: 0, Skipped: 0, Time elapsed: 0.03 s - in de.akquinet.ccsp.lunch.CommunityControllerTest
Server says goodbye to jens
Client closing websocket
[INFO] 
[INFO] Results:
[INFO] 
[INFO] Tests run: 22, Failures: 0, Errors: 0, Skipped: 0
[INFO] 
[INFO] 
[INFO] --- maven-jar-plugin:3.0.2:jar (default-jar) @ lunchroulette-backend ---
[INFO] Building jar: /Users/mdahm/projects/Kotlin/lunch-roulette/backend/target/lunchroulette.jar
[INFO] 
[INFO] --- spring-boot-maven-plugin:2.0.3.RELEASE:repackage (default) @ lunchroulette-backend ---
[INFO] 
[INFO] --- maven-install-plugin:2.5.2:install (default-install) @ lunchroulette-backend ---
[INFO] Installing /Users/mdahm/projects/Kotlin/lunch-roulette/backend/target/lunchroulette.jar to /Data/maven/repository/de/akquinet/ccsp/lunch/lunchroulette-backend/1.0-SNAPSHOT/lunchroulette-backend-1.0-SNAPSHOT.jar
[INFO] Installing /Users/mdahm/projects/Kotlin/lunch-roulette/backend/pom.xml to /Data/maven/repository/de/akquinet/ccsp/lunch/lunchroulette-backend/1.0-SNAPSHOT/lunchroulette-backend-1.0-SNAPSHOT.pom
[INFO] 
[INFO] --- maven-resources-plugin:3.1.0:copy-resources (copy-resources) @ lunchroulette-backend ---
[INFO] Using 'UTF-8' encoding to copy filtered resources.
[INFO] Copying 2 resources
[INFO] Copying 1 resource
[INFO] ------------------------------------------------------------------------
[INFO] Reactor Summary:
[INFO] 
[INFO] Lunch-Roulette by Sarah & Markus ................... SUCCESS [  0.269 s]
[INFO] Lunch-Roulette frontend by Sarah ................... SUCCESS [  0.655 s]
[INFO] lunchroulette-backend .............................. SUCCESS [ 18.188 s]
[INFO] ------------------------------------------------------------------------
[INFO] BUILD SUCCESS
[INFO] ------------------------------------------------------------------------
[INFO] Total time: 19.630 s
[INFO] Finished at: 2018-08-31T08:51:23+02:00
[INFO] Final Memory: 63M/728M
[INFO] ------------------------------------------------------------------------
